#
# There is insufficient memory for the Java Runtime Environment to continue.
# Native memory allocation (malloc) failed to allocate 861616 bytes for Chunk::new
# Possible reasons:
#   The system is out of physical RAM or swap space
#   In 32 bit mode, the process size limit was hit
# Possible solutions:
#   Reduce memory load on the system
#   Increase physical memory or swap space
#   Check if swap backing store is full
#   Use 64 bit Java on a 64 bit OS
#   Decrease Java heap size (-Xmx/-Xms)
#   Decrease number of Java threads
#   Decrease Java thread stack sizes (-Xss)
#   Set larger code cache with -XX:ReservedCodeCacheSize=
# This output file may be truncated or incomplete.
#
#  Out of Memory Error (allocation.cpp:390), pid=2872, tid=6984
#
# JRE version: Java(TM) SE Runtime Environment (8.0_60-b27) (build 1.8.0_60-b27)
# Java VM: Java HotSpot(TM) 64-Bit Server VM (25.60-b23 mixed mode windows-amd64 compressed oops)
# Failed to write core dump. Minidumps are not enabled by default on client versions of Windows
#

---------------  T H R E A D  ---------------

Current thread (0x0000000058b29000):  JavaThread "C2 CompilerThread1" daemon [_thread_in_native, id=6984, stack(0x0000000059440000,0x0000000059540000)]

Stack: [0x0000000059440000,0x0000000059540000]
[error occurred during error reporting (printing stack bounds), id 0xc0000005]

Native frames: (J=compiled Java code, j=interpreted, Vv=VM code, C=native code)


Current CompileTask:
C2:  71867 1201       4       org.codehaus.groovy.runtime.metaclass.MetaMethodIndex::addMethodToList (290 bytes)


---------------  P R O C E S S  ---------------

Java Threads: ( => current thread )
  0x0000000059f73000 JavaThread "pool-1-thread-1" [_thread_blocked, id=7852, stack(0x000000005b3b0000,0x000000005b4b0000)]
  0x0000000058b76000 JavaThread "Service Thread" daemon [_thread_blocked, id=1840, stack(0x00000000597c0000,0x00000000598c0000)]
  0x0000000058b42800 JavaThread "C1 CompilerThread2" daemon [_thread_blocked, id=8016, stack(0x00000000595a0000,0x00000000596a0000)]
=>0x0000000058b29000 JavaThread "C2 CompilerThread1" daemon [_thread_in_native, id=6984, stack(0x0000000059440000,0x0000000059540000)]
  0x0000000058b25000 JavaThread "C2 CompilerThread0" daemon [_thread_in_native, id=6980, stack(0x00000000592e0000,0x00000000593e0000)]
  0x00000000576dd000 JavaThread "Attach Listener" daemon [_thread_blocked, id=1256, stack(0x0000000059130000,0x0000000059230000)]
  0x00000000576d1000 JavaThread "Signal Dispatcher" daemon [_thread_blocked, id=2408, stack(0x0000000058f30000,0x0000000059030000)]
  0x0000000057678800 JavaThread "Finalizer" daemon [_thread_blocked, id=4220, stack(0x0000000058a10000,0x0000000058b10000)]
  0x0000000057671800 JavaThread "Reference Handler" daemon [_thread_blocked, id=1136, stack(0x0000000058840000,0x0000000058940000)]
  0x00000000024b8000 JavaThread "main" [_thread_blocked, id=4144, stack(0x0000000002800000,0x0000000002900000)]

Other Threads:
  0x000000005766c000 VMThread [stack: 0x00000000585b0000,0x00000000586b0000] [id=2256]
  0x0000000058baa800 WatcherThread [stack: 0x00000000584b0000,0x00000000585b0000] [id=7888]

VM state:at safepoint (normal execution)

VM Mutex/Monitor currently owned by a thread:  ([mutex/lock_event])
[0x000000000025db80] Threads_lock - owner thread: 0x000000005766c000
[0x000000000025e080] Heap_lock - owner thread: 0x00000000024b8000

Heap:
 PSYoungGen      total 38400K, used 11105K [0x00000000d5f00000, 0x00000000d8980000, 0x0000000100000000)
  eden space 33280K, 18% used [0x00000000d5f00000,0x00000000d64e05e0,0x00000000d7f80000)
  from space 5120K, 99% used [0x00000000d7f80000,0x00000000d8478030,0x00000000d8480000)
  to   space 5120K, 99% used [0x00000000d8480000,0x00000000d897c060,0x00000000d8980000)
 ParOldGen       total 87552K, used 6975K [0x0000000081c00000, 0x0000000087180000, 0x00000000d5f00000)
  object space 87552K, 7% used [0x0000000081c00000,0x00000000822cfe08,0x0000000087180000)
 Metaspace       used 18021K, capacity 18246K, committed 18432K, reserved 1071104K
  class space    used 2381K, capacity 2480K, committed 2560K, reserved 1048576K

Card table byte_map: [0x0000000011cc0000,0x00000000120c0000] byte_map_base: 0x00000000118b2000

Marking Bits: (ParMarkBitMap*) 0x000000005ab7a5b0
 Begin Bits: [0x00000000129c0000, 0x0000000014950000)
 End Bits:   [0x0000000014950000, 0x00000000168e0000)

Polling page: 0x0000000000470000

CodeCache: size=245760Kb used=4496Kb max_used=4496Kb free=241263Kb
 bounds [0x0000000002900000, 0x0000000002d70000, 0x0000000011900000]
 total_blobs=1578 nmethods=1210 adapters=280
 compilation: enabled

Compilation events (10 events):
Event: 71.706 Thread 0x0000000058b42800 1213       1       java.lang.Class$MethodArray::getArray (5 bytes)
Event: 71.706 Thread 0x0000000058b42800 nmethod 1213 0x0000000002d64b10 code [0x0000000002d64c60, 0x0000000002d64d70]
Event: 71.706 Thread 0x0000000058b42800 1217       1       java.lang.reflect.Proxy$Key1::hashCode (5 bytes)
Event: 71.706 Thread 0x0000000058b42800 nmethod 1217 0x0000000002d64dd0 code [0x0000000002d64f20, 0x0000000002d65030]
Event: 71.724 Thread 0x0000000058b42800 1221       3       org.codehaus.groovy.reflection.CachedClass::isAssignableFrom (21 bytes)
Event: 71.724 Thread 0x0000000058b42800 nmethod 1221 0x0000000002d65090 code [0x0000000002d65200, 0x0000000002d655c8]
Event: 71.726 Thread 0x0000000058b42800 1222       3       sun.reflect.generics.tree.SimpleClassTypeSignature::make (11 bytes)
Event: 71.726 Thread 0x0000000058b42800 nmethod 1222 0x0000000002d656d0 code [0x0000000002d65840, 0x0000000002d65ab0]
Event: 71.727 Thread 0x0000000058b42800 1223  s!   3       java.beans.PropertyDescriptor::getWriteMethod (165 bytes)
Event: 71.729 Thread 0x0000000058b42800 nmethod 1223 0x0000000002d65bd0 code [0x0000000002d65f00, 0x0000000002d67d78]

GC Heap History (7 events):
Event: 32.151 GC heap before
{Heap before GC invocations=1 (full 0):
 PSYoungGen      total 38400K, used 33280K [0x00000000d5f00000, 0x00000000d8980000, 0x0000000100000000)
  eden space 33280K, 100% used [0x00000000d5f00000,0x00000000d7f80000,0x00000000d7f80000)
  from space 5120K, 0% used [0x00000000d8480000,0x00000000d8480000,0x00000000d8980000)
  to   space 5120K, 0% used [0x00000000d7f80000,0x00000000d7f80000,0x00000000d8480000)
 ParOldGen       total 87552K, used 0K [0x0000000081c00000, 0x0000000087180000, 0x00000000d5f00000)
  object space 87552K, 0% used [0x0000000081c00000,0x0000000081c00000,0x0000000087180000)
 Metaspace       used 8825K, capacity 9018K, committed 9216K, reserved 1056768K
  class space    used 1159K, capacity 1218K, committed 1280K, reserved 1048576K
Event: 32.207 GC heap after
Heap after GC invocations=1 (full 0):
 PSYoungGen      total 38400K, used 5105K [0x00000000d5f00000, 0x00000000d8980000, 0x0000000100000000)
  eden space 33280K, 0% used [0x00000000d5f00000,0x00000000d5f00000,0x00000000d7f80000)
  from space 5120K, 99% used [0x00000000d7f80000,0x00000000d847c488,0x00000000d8480000)
  to   space 5120K, 0% used [0x00000000d8480000,0x00000000d8480000,0x00000000d8980000)
 ParOldGen       total 87552K, used 377K [0x0000000081c00000, 0x0000000087180000, 0x00000000d5f00000)
  object space 87552K, 0% used [0x0000000081c00000,0x0000000081c5e718,0x0000000087180000)
 Metaspace       used 8825K, capacity 9018K, committed 9216K, reserved 1056768K
  class space    used 1159K, capacity 1218K, committed 1280K, reserved 1048576K
}
Event: 46.860 GC heap before
{Heap before GC invocations=2 (full 0):
 PSYoungGen      total 38400K, used 38385K [0x00000000d5f00000, 0x00000000d8980000, 0x0000000100000000)
  eden space 33280K, 100% used [0x00000000d5f00000,0x00000000d7f80000,0x00000000d7f80000)
  from space 5120K, 99% used [0x00000000d7f80000,0x00000000d847c488,0x00000000d8480000)
  to   space 5120K, 0% used [0x00000000d8480000,0x00000000d8480000,0x00000000d8980000)
 ParOldGen       total 87552K, used 377K [0x0000000081c00000, 0x0000000087180000, 0x00000000d5f00000)
  object space 87552K, 0% used [0x0000000081c00000,0x0000000081c5e718,0x0000000087180000)
 Metaspace       used 11423K, capacity 11636K, committed 11904K, reserved 1058816K
  class space    used 1574K, capacity 1644K, committed 1664K, reserved 1048576K
Event: 46.866 GC heap after
Heap after GC invocations=2 (full 0):
 PSYoungGen      total 38400K, used 5113K [0x00000000d5f00000, 0x00000000d8980000, 0x0000000100000000)
  eden space 33280K, 0% used [0x00000000d5f00000,0x00000000d5f00000,0x00000000d7f80000)
  from space 5120K, 99% used [0x00000000d8480000,0x00000000d897e608,0x00000000d8980000)
  to   space 5120K, 0% used [0x00000000d7f80000,0x00000000d7f80000,0x00000000d8480000)
 ParOldGen       total 87552K, used 984K [0x0000000081c00000, 0x0000000087180000, 0x00000000d5f00000)
  object space 87552K, 1% used [0x0000000081c00000,0x0000000081cf6120,0x0000000087180000)
 Metaspace       used 11423K, capacity 11636K, committed 11904K, reserved 1058816K
  class space    used 1574K, capacity 1644K, committed 1664K, reserved 1048576K
}
Event: 71.670 GC heap before
{Heap before GC invocations=3 (full 0):
 PSYoungGen      total 38400K, used 38393K [0x00000000d5f00000, 0x00000000d8980000, 0x0000000100000000)
  eden space 33280K, 100% used [0x00000000d5f00000,0x00000000d7f80000,0x00000000d7f80000)
  from space 5120K, 99% used [0x00000000d8480000,0x00000000d897e608,0x00000000d8980000)
  to   space 5120K, 0% used [0x00000000d7f80000,0x00000000d7f80000,0x00000000d8480000)
 ParOldGen       total 87552K, used 984K [0x0000000081c00000, 0x0000000087180000, 0x00000000d5f00000)
  object space 87552K, 1% used [0x0000000081c00000,0x0000000081cf6120,0x0000000087180000)
 Metaspace       used 17370K, capacity 17670K, committed 17920K, reserved 1064960K
  class space    used 2378K, capacity 2480K, committed 2560K, reserved 1048576K
Event: 71.683 GC heap after
Heap after GC invocations=3 (full 0):
 PSYoungGen      total 38400K, used 5088K [0x00000000d5f00000, 0x00000000d8980000, 0x0000000100000000)
  eden space 33280K, 0% used [0x00000000d5f00000,0x00000000d5f00000,0x00000000d7f80000)
  from space 5120K, 99% used [0x00000000d7f80000,0x00000000d8478030,0x00000000d8480000)
  to   space 5120K, 0% used [0x00000000d8480000,0x00000000d8480000,0x00000000d8980000)
 ParOldGen       total 87552K, used 5657K [0x0000000081c00000, 0x0000000087180000, 0x00000000d5f00000)
  object space 87552K, 6% used [0x0000000081c00000,0x00000000821867b8,0x0000000087180000)
 Metaspace       used 17370K, capacity 17670K, committed 17920K, reserved 1064960K
  class space    used 2378K, capacity 2480K, committed 2560K, reserved 1048576K
}
Event: 71.848 GC heap before
{Heap before GC invocations=4 (full 0):
 PSYoungGen      total 38400K, used 11105K [0x00000000d5f00000, 0x00000000d8980000, 0x0000000100000000)
  eden space 33280K, 18% used [0x00000000d5f00000,0x00000000d64e05e0,0x00000000d7f80000)
  from space 5120K, 99% used [0x00000000d7f80000,0x00000000d8478030,0x00000000d8480000)
  to   space 5120K, 0% used [0x00000000d8480000,0x00000000d8480000,0x00000000d8980000)
 ParOldGen       total 87552K, used 5657K [0x0000000081c00000, 0x0000000087180000, 0x00000000d5f00000)
  object space 87552K, 6% used [0x0000000081c00000,0x00000000821867b8,0x0000000087180000)
 Metaspace       used 18021K, capacity 18246K, committed 18432K, reserved 1071104K
  class space    used 2381K, capacity 2480K, committed 2560K, reserved 1048576K

Deoptimization events (10 events):
Event: 65.442 Thread 0x00000000024b8000 Uncommon trap: reason=unstable_if action=reinterpret pc=0x0000000002b99ab4 method=java.lang.AbstractStringBuilder.append(Ljava/lang/String;)Ljava/lang/AbstractStringBuilder; @ 1
Event: 65.442 Thread 0x00000000024b8000 Uncommon trap: reason=unstable_if action=reinterpret pc=0x0000000002b23a48 method=java.lang.AbstractStringBuilder.append(Ljava/lang/String;)Ljava/lang/AbstractStringBuilder; @ 1
Event: 71.114 Thread 0x00000000024b8000 Uncommon trap: reason=bimorphic action=maybe_recompile pc=0x0000000002c1e064 method=java.lang.ClassLoader.loadClass(Ljava/lang/String;Z)Ljava/lang/Class; @ 38
Event: 71.114 Thread 0x00000000024b8000 Uncommon trap: reason=bimorphic action=maybe_recompile pc=0x0000000002c1e064 method=java.lang.ClassLoader.loadClass(Ljava/lang/String;Z)Ljava/lang/Class; @ 38
Event: 71.253 Thread 0x00000000024b8000 Uncommon trap: reason=class_check action=maybe_recompile pc=0x0000000002ac6410 method=sun.misc.URLClassPath.getLoader(I)Lsun/misc/URLClassPath$Loader; @ 94
Event: 71.253 Thread 0x00000000024b8000 Uncommon trap: reason=class_check action=maybe_recompile pc=0x0000000002cc8bf0 method=sun.misc.URLClassPath.getResource(Ljava/lang/String;Z)Lsun/misc/Resource; @ 62
Event: 71.319 Thread 0x00000000024b8000 Uncommon trap: reason=bimorphic action=maybe_recompile pc=0x0000000002c1e064 method=java.lang.ClassLoader.loadClass(Ljava/lang/String;Z)Ljava/lang/Class; @ 38
Event: 71.319 Thread 0x00000000024b8000 Uncommon trap: reason=bimorphic action=maybe_recompile pc=0x0000000002c1e064 method=java.lang.ClassLoader.loadClass(Ljava/lang/String;Z)Ljava/lang/Class; @ 38
Event: 71.354 Thread 0x00000000024b8000 Uncommon trap: reason=class_check action=maybe_recompile pc=0x0000000002ac65a4 method=sun.misc.URLClassPath.getLoader(I)Lsun/misc/URLClassPath$Loader; @ 193
Event: 71.379 Thread 0x00000000024b8000 Uncommon trap: reason=class_check action=maybe_recompile pc=0x0000000002ac65a4 method=sun.misc.URLClassPath.getLoader(I)Lsun/misc/URLClassPath$Loader; @ 193

Internal exceptions (10 events):
Event: 71.690 Thread 0x00000000024b8000 Exception <a 'java/lang/ClassNotFoundException': org/gradle/initialization/DefaultSettings_DecoratedBeanInfo> (0x00000000d5fce420) thrown at [C:\re\workspace\8-2-build-windows-amd64-cygwin\jdk8u60\4407\hotspot\src\share\vm\classfile\systemDictionary.cpp, l
Event: 71.690 Thread 0x00000000024b8000 Exception <a 'java/lang/ClassNotFoundException': org/gradle/initialization/DefaultSettingsBeanInfo> (0x00000000d5fea638) thrown at [C:\re\workspace\8-2-build-windows-amd64-cygwin\jdk8u60\4407\hotspot\src\share\vm\classfile\systemDictionary.cpp, line 210]
Event: 71.691 Thread 0x00000000024b8000 Exception <a 'java/lang/ClassNotFoundException': org/gradle/initialization/BaseSettingsBeanInfo> (0x00000000d6005848) thrown at [C:\re\workspace\8-2-build-windows-amd64-cygwin\jdk8u60\4407\hotspot\src\share\vm\classfile\systemDictionary.cpp, line 210]
Event: 71.692 Thread 0x00000000024b8000 Exception <a 'java/lang/ClassNotFoundException': org/gradle/api/internal/project/AbstractPluginAwareBeanInfo> (0x00000000d6025e38) thrown at [C:\re\workspace\8-2-build-windows-amd64-cygwin\jdk8u60\4407\hotspot\src\share\vm\classfile\systemDictionary.cpp, lús|ìRìQ@
Event: 71.693 Thread 0x00000000024b8000 Exception <a 'java/lang/ClassNotFoundException': org/gradle/api/internal/project/AbstractPluginAwareCustomizer> (0x00000000d6046bc0) thrown at [C:\re\workspace\8-2-build-windows-amd64-cygwin\jdk8u60\4407\hotspot\src\share\vm\classfile\systemDictionary.cpp,‰z´eìQ@
Event: 71.694 Thread 0x00000000024b8000 Exception <a 'java/lang/ClassNotFoundException': org/gradle/initialization/BaseSettingsCustomizer> (0x00000000d6069038) thrown at [C:\re\workspace\8-2-build-windows-amd64-cygwin\jdk8u60\4407\hotspot\src\share\vm\classfile\systemDictionary.cpp, line 210]
Event: 71.696 Thread 0x00000000024b8000 Exception <a 'java/lang/ClassNotFoundException': org/gradle/initialization/DefaultSettingsCustomizer> (0x00000000d60abab0) thrown at [C:\re\workspace\8-2-build-windows-amd64-cygwin\jdk8u60\4407\hotspot\src\share\vm\classfile\systemDictionary.cpp, line 210]l`Q·’ìQ@
Event: 71.696 Thread 0x00000000024b8000 Exception <a 'java/lang/ClassNotFoundException': org/gradle/initialization/DefaultSettings_DecoratedCustomizer> (0x00000000d60d1850) thrown at [C:\re\workspace\8-2-build-windows-amd64-cygwin\jdk8u60\4407\hotspot\src\share\vm\classfile\systemDictionary.cpp,¸Xg[iîQ@
Event: 71.725 Thread 0x00000000024b8000 Exception <a 'java/lang/ClassNotFoundException': org/gradle/initialization/DefaultProjectDescriptorBeanInfo> (0x00000000d616eaf0) thrown at [C:\re\workspace\8-2-build-windows-amd64-cygwin\jdk8u60\4407\hotspot\src\share\vm\classfile\systemDictionary.cpp, li›c^»rîQ@
Event: 71.726 Thread 0x00000000024b8000 Exception <a 'java/lang/ClassNotFoundException': org/gradle/initialization/DefaultProjectDescriptorCustomizer> (0x00000000d618db98) thrown at [C:\re\workspace\8-2-build-windows-amd64-cygwin\jdk8u60\4407\hotspot\src\share\vm\classfile\systemDictionary.cpp, ä¬žë"ìQ@

Events (10 events):
Event: 71.725 loading class org/gradle/initialization/DefaultProjectDescriptorCustomizer done
Event: 71.726 loading class org/gradle/initialization/DefaultProjectDescriptorCustomizer
Event: 71.726 loading class org/gradle/initialization/DefaultProjectDescriptorCustomizer done
Event: 71.730 loading class org/codehaus/groovy/runtime/typehandling/DefaultTypeTransformation
Event: 71.730 loading class org/codehaus/groovy/runtime/typehandling/DefaultTypeTransformation done
Event: 71.749 loading class org/codehaus/groovy/runtime/ArrayUtil
Event: 71.749 loading class org/codehaus/groovy/runtime/ArrayUtil done
Event: 71.844 Executing VM operation: CollectForMetadataAllocation
Event: 71.844 Executing VM operation: CollectForMetadataAllocation done
Event: 71.848 Executing VM operation: CollectForMetadataAllocation


Dynamic libraries:
0x000000013f3a0000 - 0x000000013f3d7000 	D:\Program Files\Java\jdk1.8.0_60\bin\java.exe
0x0000000076d00000 - 0x0000000076eaa000 	C:\windows\SYSTEM32\ntdll.dll
0x0000000076be0000 - 0x0000000076cff000 	C:\windows\system32\kernel32.dll
0x000007fefccf0000 - 0x000007fefcd5a000 	C:\windows\system32\KERNELBASE.dll
0x000007fefe1a0000 - 0x000007fefe27b000 	C:\windows\system32\ADVAPI32.dll
0x000007fefdb30000 - 0x000007fefdbcf000 	C:\windows\system32\msvcrt.dll
0x000007fefd350000 - 0x000007fefd36f000 	C:\windows\SYSTEM32\sechost.dll
0x000007fefd720000 - 0x000007fefd84d000 	C:\windows\system32\RPCRT4.dll
0x0000000076ae0000 - 0x0000000076bda000 	C:\windows\system32\USER32.dll
0x000007fefddb0000 - 0x000007fefde17000 	C:\windows\system32\GDI32.dll
0x000007fefd850000 - 0x000007fefd85e000 	C:\windows\system32\LPK.dll
0x000007fefcdb0000 - 0x000007fefce7b000 	C:\windows\system32\USP10.dll
0x000007fefb990000 - 0x000007fefbb84000 	C:\windows\WinSxS\amd64_microsoft.windows.common-controls_6595b64144ccf1df_6.0.7601.18837_none_fa3b1e3d17594757\COMCTL32.dll
0x000007fefce80000 - 0x000007fefcef1000 	C:\windows\system32\SHLWAPI.dll
0x000007fefd370000 - 0x000007fefd39e000 	C:\windows\system32\IMM32.DLL
0x000007fefdfb0000 - 0x000007fefe0b9000 	C:\windows\system32\MSCTF.dll
0x000007fefc920000 - 0x000007fefc951000 	C:\windows\system32\nvinitx.dll
0x000007fefc910000 - 0x000007fefc91c000 	C:\windows\system32\VERSION.dll
0x0000000074520000 - 0x0000000074526000 	C:\Program Files\NVIDIA Corporation\CoProcManager\detoured.dll
0x000007fef9780000 - 0x000007fef97b2000 	C:\Program Files\NVIDIA Corporation\CoProcManager\nvd3d9wrapx.dll
0x000007fefdbd0000 - 0x000007fefdda7000 	C:\windows\system32\SETUPAPI.dll
0x000007fefcc90000 - 0x000007fefccc6000 	C:\windows\system32\CFGMGR32.dll
0x000007fefe0c0000 - 0x000007fefe19a000 	C:\windows\system32\OLEAUT32.dll
0x000007fefd520000 - 0x000007fefd71c000 	C:\windows\system32\ole32.dll
0x000007fefca20000 - 0x000007fefca3a000 	C:\windows\system32\DEVOBJ.dll
0x000007fef9750000 - 0x000007fef9772000 	C:\Program Files\NVIDIA Corporation\CoProcManager\nvdxgiwrapx.dll
0x000000007e110000 - 0x000000007e1e5000 	D:\Program Files\cmder\vendor\conemu-maximus5\ConEmu\ConEmuHk64.dll
0x000007fef80b0000 - 0x000007fef80b3000 	C:\windows\system32\api-ms-win-core-synch-l1-2-0.DLL
0x000000005b560000 - 0x000000005b632000 	D:\Program Files\Java\jdk1.8.0_60\jre\bin\msvcr100.dll
0x000000005a370000 - 0x000000005abf9000 	D:\Program Files\Java\jdk1.8.0_60\jre\bin\server\jvm.dll
0x000007fef39d0000 - 0x000007fef39d9000 	C:\windows\system32\WSOCK32.dll
0x000007fefd4c0000 - 0x000007fefd50d000 	C:\windows\system32\WS2_32.dll
0x000007fefd510000 - 0x000007fefd518000 	C:\windows\system32\NSI.dll
0x000007fefa1e0000 - 0x000007fefa21b000 	C:\windows\system32\WINMM.dll
0x0000000076ec0000 - 0x0000000076ec7000 	C:\windows\system32\PSAPI.DLL
0x000000005e6f0000 - 0x000000005e6ff000 	D:\Program Files\Java\jdk1.8.0_60\jre\bin\verify.dll
0x000000005e6c0000 - 0x000000005e6e9000 	D:\Program Files\Java\jdk1.8.0_60\jre\bin\java.dll
0x000000005caa0000 - 0x000000005cab6000 	D:\Program Files\Java\jdk1.8.0_60\jre\bin\zip.dll
0x000007fefe280000 - 0x000007feff00b000 	C:\windows\system32\SHELL32.dll
0x000007fefc9f0000 - 0x000007fefc9ff000 	C:\windows\system32\profapi.dll
0x000000005ca80000 - 0x000000005ca9a000 	D:\Program Files\Java\jdk1.8.0_60\jre\bin\net.dll
0x000007fefc100000 - 0x000007fefc155000 	C:\windows\system32\mswsock.dll
0x000007fefc0f0000 - 0x000007fefc0f7000 	C:\windows\System32\wship6.dll
0x000000005ca60000 - 0x000000005ca71000 	D:\Program Files\Java\jdk1.8.0_60\jre\bin\nio.dll
0x000007feedee0000 - 0x000007feedef2000 	C:\Users\xiaosong\.gradle\native\19\windows-amd64\native-platform.dll
0x0000000180000000 - 0x0000000180037000 	C:\Users\xiaosong\.gradle\native\jna\win32-amd64\jnidispatch.dll
0x000007fefc160000 - 0x000007fefc178000 	C:\windows\system32\CRYPTSP.dll
0x000007fefbe60000 - 0x000007fefbea7000 	C:\windows\system32\rsaenh.dll
0x000007fefcd80000 - 0x000007fefcd9e000 	C:\windows\system32\USERENV.dll
0x000007fefc840000 - 0x000007fefc84f000 	C:\windows\system32\CRYPTBASE.dll
0x000007fef9680000 - 0x000007fef96a7000 	C:\windows\system32\IPHLPAPI.DLL
0x000007fef9670000 - 0x000007fef967b000 	C:\windows\system32\WINNSI.DLL
0x000007fef9110000 - 0x000007fef9128000 	C:\windows\system32\dhcpcsvc.DLL
0x000007fef90f0000 - 0x000007fef9101000 	C:\windows\system32\dhcpcsvc6.DLL
0x000000005cd10000 - 0x000000005cd1d000 	D:\Program Files\Java\jdk1.8.0_60\jre\bin\management.dll

VM Arguments:
jvm_args: -Dorg.gradle.appname=gradlew 
java_command: org.gradle.wrapper.GradleWrapperMain installDebug
java_class_path (initial): F:\app\react-native-example-jdh\android\\gradle\wrapper\gradle-wrapper.jar
Launcher Type: SUN_STANDARD

Environment Variables:
JAVA_HOME=D:\Program Files\Java\jdk1.8.0_60
CLASSPATH=F:\app\react-native-example-jdh\android\\gradle\wrapper\gradle-wrapper.jar
PATH=D:\Program Files\cmder\bin;D:\Program Files\cmder\vendor\conemu-maximus5\ConEmu\Scripts;D:\Program Files\cmder\vendor\conemu-maximus5;D:\Program Files\cmder\vendor\conemu-maximus5\ConEmu;C:\PROGRAMDATA\ORACLE\JAVA\JAVAPATH;C:\PROGRAM FILES\BROADCOM\BROADCOM 802.11 NETWORK ADAPTER\DRIVER;C:\WINDOWS\SYSTEM32;C:\WINDOWS;C:\WINDOWS\SYSTEM32\WBEM;C:\WINDOWS\SYSTEM32\WINDOWSPOWERSHELL\V1.0\;;D:\PROGRAM FILES\JAVA\JDK1.8.0_60\BIN;D:\PROGRAM FILES\JAVA\JDK1.8.0_60\JRE\BIN;D:\ANDROID\SDK\TOOLS;D:\ANDROID\SDK\PLATFORM-TOOLS;D:\PROGRAM FILES\ADT\ECLIPSE\PLUGINS\ORG.APACHE.ANT_1.8.4.V201303080030\BIN;D:\PROGRAM FILES\ADT\APACHEANT\BIN;D:\PROGRAM FILES\ADT\APACHEANT\LIB;C:\USERS\XIAOSONG\APPDATA\ROAMING\NPM;C:\PROGRAM FILES (X86)\NVIDIA CORPORATION\PHYSX\COMMON; D:\Android\sdk\TOOLS;D:\PROGRAM FILES\NODEJS\;C:\PROGRAM FILES\DOTNET\;D:\PROGRAM FILES\MONGODB\SERVER\3.4\BIN;D:\PROGRAM FILES\TORTOISEGIT\BIN;D:\PROGRAM FILES\GIT\CMD;D:\PROGRAM FILES\BRACKETS\COMMAND;C:\Program Files\WIDCOMM\Bluetooth Software\;C:\Program Files\WIDCOMM\Bluetooth Software\syswow64;C:\Users\xiaosong\AppData\Roaming\npm;D:\Program Files\Microsoft VS Code\bin;C:\Users\xiaosong\AppData\Local\atom\bin;D:\Program Files\Git\usr\bin;D:\Program Files\Git\usr\share\vim\vim74;D:\Program Files\cmder\
USERNAME=xiaosong
OS=Windows_NT
PROCESSOR_IDENTIFIER=Intel64 Family 6 Model 60 Stepping 3, GenuineIntel



---------------  S Y S T E M  ---------------

OS: Windows 7 , 64 bit Build 7601 (6.1.7601.23864)

CPU:total 4 (2 cores per cpu, 2 threads per core) family 6 model 60 stepping 3, cmov, cx8, fxsr, mmx, sse, sse2, sse3, ssse3, sse4.1, sse4.2, popcnt, avx, avx2, aes, clmul, erms, lzcnt, ht, tsc, tscinvbit, bmi1, bmi2

Memory: 4k page, physical 8268820k(517348k free), swap 8266960k(5184k free)

vm_info: Java HotSpot(TM) 64-Bit Server VM (25.60-b23) for windows-amd64 JRE (1.8.0_60-b27), built on Aug  4 2015 11:06:27 by "java_re" with MS VC++ 10.0 (VS2010)

time: Mon Sep 11 00:20:28 2017
elapsed time: 71 seconds (0d 0h 1m 11s)

