#
# There is insufficient memory for the Java Runtime Environment to continue.
# Native memory allocation (malloc) failed to allocate 417536 bytes for Chunk::new
# Possible reasons:
#   The system is out of physical RAM or swap space
#   In 32 bit mode, the process size limit was hit
# Possible solutions:
#   Reduce memory load on the system
#   Increase physical memory or swap space
#   Check if swap backing store is full
#   Use 64 bit Java on a 64 bit OS
#   Decrease Java heap size (-Xmx/-Xms)
#   Decrease number of Java threads
#   Decrease Java thread stack sizes (-Xss)
#   Set larger code cache with -XX:ReservedCodeCacheSize=
# This output file may be truncated or incomplete.
#
#  Out of Memory Error (allocation.cpp:390), pid=9548, tid=8344
#
# JRE version: Java(TM) SE Runtime Environment (8.0_60-b27) (build 1.8.0_60-b27)
# Java VM: Java HotSpot(TM) 64-Bit Server VM (25.60-b23 mixed mode windows-amd64 compressed oops)
# Failed to write core dump. Minidumps are not enabled by default on client versions of Windows
#

---------------  T H R E A D  ---------------

Current thread (0x0000000055a8d800):  JavaThread "C2 CompilerThread1" daemon [_thread_in_native, id=8344, stack(0x0000000057710000,0x0000000057810000)]

Stack: [0x0000000057710000,0x0000000057810000]
[error occurred during error reporting (printing stack bounds), id 0xc0000005]

Native frames: (J=compiled Java code, j=interpreted, Vv=VM code, C=native code)


Current CompileTask:
C2:   6825 1404       4       com.android.dx.ssa.DeadCodeRemover::isCircularNoSideEffect (140 bytes)


---------------  P R O C E S S  ---------------

Java Threads: ( => current thread )
  0x000000005708d800 JavaThread "pool-1-thread-4" [_thread_blocked, id=7644, stack(0x0000000058270000,0x0000000058370000)]
  0x0000000057076000 JavaThread "pool-1-thread-3" [_thread_blocked, id=5392, stack(0x0000000057c40000,0x0000000057d40000)]
  0x0000000057065000 JavaThread "pool-1-thread-2" [_thread_blocked, id=2624, stack(0x0000000058100000,0x0000000058200000)]
  0x000000005705d800 JavaThread "pool-2-thread-1" [_thread_blocked, id=7016, stack(0x0000000057f20000,0x0000000058020000)]
  0x0000000056f86800 JavaThread "pool-1-thread-1" [_thread_blocked, id=7276, stack(0x0000000057d50000,0x0000000057e50000)]
  0x0000000056e97800 JavaThread "Service Thread" daemon [_thread_blocked, id=3856, stack(0x0000000057b30000,0x0000000057c30000)]
  0x0000000055a8e800 JavaThread "C1 CompilerThread2" daemon [_thread_blocked, id=8900, stack(0x0000000057970000,0x0000000057a70000)]
=>0x0000000055a8d800 JavaThread "C2 CompilerThread1" daemon [_thread_in_native, id=8344, stack(0x0000000057710000,0x0000000057810000)]
  0x0000000055a89000 JavaThread "C2 CompilerThread0" daemon [_thread_blocked, id=7952, stack(0x00000000573e0000,0x00000000574e0000)]
  0x0000000056e30800 JavaThread "Attach Listener" daemon [_thread_blocked, id=488, stack(0x00000000574f0000,0x00000000575f0000)]
  0x0000000055a88000 JavaThread "Signal Dispatcher" daemon [_thread_blocked, id=2612, stack(0x0000000057270000,0x0000000057370000)]
  0x0000000055a23800 JavaThread "Finalizer" daemon [_thread_blocked, id=5448, stack(0x0000000056c10000,0x0000000056d10000)]
  0x0000000055a22000 JavaThread "Reference Handler" daemon [_thread_blocked, id=9556, stack(0x0000000056d20000,0x0000000056e20000)]
  0x000000000260f800 JavaThread "main" [_thread_blocked, id=168, stack(0x0000000003000000,0x0000000003100000)]

Other Threads:
  0x0000000055a1c800 VMThread [stack: 0x0000000056ad0000,0x0000000056bd0000] [id=9604]
  0x0000000056efd800 WatcherThread [stack: 0x0000000057820000,0x0000000057920000] [id=3740]

VM state:not at safepoint (normal execution)

VM Mutex/Monitor currently owned by a thread: None

Heap:
 PSYoungGen      total 38400K, used 15300K [0x00000000eab00000, 0x00000000ed580000, 0x0000000100000000)
  eden space 33280K, 30% used [0x00000000eab00000,0x00000000eb4f2640,0x00000000ecb80000)
  from space 5120K, 99% used [0x00000000ecb80000,0x00000000ed07ea68,0x00000000ed080000)
  to   space 5120K, 0% used [0x00000000ed080000,0x00000000ed080000,0x00000000ed580000)
 ParOldGen       total 87552K, used 1241K [0x00000000c0000000, 0x00000000c5580000, 0x00000000eab00000)
  object space 87552K, 1% used [0x00000000c0000000,0x00000000c0136628,0x00000000c5580000)
 Metaspace       used 5895K, capacity 7024K, committed 7296K, reserved 1056768K
  class space    used 582K, capacity 616K, committed 640K, reserved 1048576K

Card table byte_map: [0x00000000124c0000,0x00000000126d0000] byte_map_base: 0x0000000011ec0000

Marking Bits: (ParMarkBitMap*) 0x0000000002e1a5b0
 Begin Bits: [0x0000000012e90000, 0x0000000013e90000)
 End Bits:   [0x0000000013e90000, 0x0000000014e90000)

Polling page: 0x0000000000130000

CodeCache: size=245760Kb used=5901Kb max_used=5911Kb free=239858Kb
 bounds [0x0000000003100000, 0x00000000036d0000, 0x0000000012100000]
 total_blobs=1662 nmethods=1397 adapters=178
 compilation: enabled

Compilation events (10 events):
Event: 6.770 Thread 0x0000000055a8e800 nmethod 1399 0x00000000036b7e50 code [0x00000000036b7fe0, 0x00000000036b83d8]
Event: 6.778 Thread 0x0000000055a8e800 1400       3       com.android.dx.cf.direct.MemberListParser::getCount (17 bytes)
Event: 6.779 Thread 0x0000000055a8e800 nmethod 1400 0x00000000036b7610 code [0x00000000036b77a0, 0x00000000036b7ba8]
Event: 6.779 Thread 0x0000000055a8e800 1401       3       com.android.dx.cf.direct.MemberListParser::parseIfNecessary (12 bytes)
Event: 6.779 Thread 0x0000000055a8e800 nmethod 1401 0x00000000036b44d0 code [0x00000000036b4640, 0x00000000036b4808]
Event: 6.780 Thread 0x0000000055a89000 1402       4       com.android.dx.ssa.SsaRenamer$BlockRenamer$RenamingMapper::map (28 bytes)
Event: 6.781 Thread 0x0000000055a89000 nmethod 1402 0x00000000036cacd0 code [0x00000000036cae20, 0x00000000036caf08]
Event: 6.782 Thread 0x0000000055a8e800 1403       3       com.android.dx.cf.direct.DirectClassFile::getThisClass (9 bytes)
Event: 6.782 Thread 0x0000000055a8e800 nmethod 1403 0x00000000036b6110 code [0x00000000036b6280, 0x00000000036b64c8]
Event: 6.784 Thread 0x0000000055a8d800 1404       4       com.android.dx.ssa.DeadCodeRemover::isCircularNoSideEffect (140 bytes)

GC Heap History (2 events):
Event: 4.797 GC heap before
{Heap before GC invocations=1 (full 0):
 PSYoungGen      total 38400K, used 33280K [0x00000000eab00000, 0x00000000ed580000, 0x0000000100000000)
  eden space 33280K, 100% used [0x00000000eab00000,0x00000000ecb80000,0x00000000ecb80000)
  from space 5120K, 0% used [0x00000000ed080000,0x00000000ed080000,0x00000000ed580000)
  to   space 5120K, 0% used [0x00000000ecb80000,0x00000000ecb80000,0x00000000ed080000)
 ParOldGen       total 87552K, used 0K [0x00000000c0000000, 0x00000000c5580000, 0x00000000eab00000)
  object space 87552K, 0% used [0x00000000c0000000,0x00000000c0000000,0x00000000c5580000)
 Metaspace       used 5842K, capacity 6960K, committed 7040K, reserved 1056768K
  class space    used 581K, capacity 616K, committed 640K, reserved 1048576K
Event: 4.995 GC heap after
Heap after GC invocations=1 (full 0):
 PSYoungGen      total 38400K, used 5114K [0x00000000eab00000, 0x00000000ed580000, 0x0000000100000000)
  eden space 33280K, 0% used [0x00000000eab00000,0x00000000eab00000,0x00000000ecb80000)
  from space 5120K, 99% used [0x00000000ecb80000,0x00000000ed07ea68,0x00000000ed080000)
  to   space 5120K, 0% used [0x00000000ed080000,0x00000000ed080000,0x00000000ed580000)
 ParOldGen       total 87552K, used 1241K [0x00000000c0000000, 0x00000000c5580000, 0x00000000eab00000)
  object space 87552K, 1% used [0x00000000c0000000,0x00000000c0136628,0x00000000c5580000)
 Metaspace       used 5842K, capacity 6960K, committed 7040K, reserved 1056768K
  class space    used 581K, capacity 616K, committed 640K, reserved 1048576K
}

Deoptimization events (10 events):
Event: 3.707 Thread 0x000000005708d800 Uncommon trap: reason=unstable_if action=reinterpret pc=0x00000000032e48e0 method=java.util.BitSet.nextSetBit(I)I @ 87
Event: 4.318 Thread 0x0000000057065000 Uncommon trap: reason=null_check action=make_not_entrant pc=0x00000000033a4488 method=com.android.dx.ssa.SsaRenamer.getLocalForNewReg(I)Lcom/android/dx/rop/code/LocalItem; @ 19
Event: 4.318 Thread 0x0000000057065000 Uncommon trap: reason=null_check action=make_not_entrant pc=0x0000000003392d28 method=com.android.dx.ssa.SsaRenamer.getLocalForNewReg(I)Lcom/android/dx/rop/code/LocalItem; @ 19
Event: 4.361 Thread 0x000000000260f800 Uncommon trap: reason=unstable_if action=reinterpret pc=0x000000000348505c method=java.lang.String.<init>([CII)V @ 18
Event: 4.698 Thread 0x000000000260f800 Uncommon trap: reason=unstable_if action=reinterpret pc=0x00000000035615ac method=com.android.dx.util.IntList.binarysearch(I)I @ 105
Event: 4.794 Thread 0x000000000260f800 Uncommon trap: reason=unstable_if action=reinterpret pc=0x000000000351f8dc method=com.android.dx.ssa.SsaRenamer$BlockRenamer.addMapping(ILcom/android/dx/rop/code/RegisterSpec;)V @ 120
Event: 6.513 Thread 0x000000005708d800 Uncommon trap: reason=bimorphic action=maybe_recompile pc=0x0000000003696d10 method=com.android.dx.cf.code.BytecodeArray.parseInstruction(ILcom/android/dx/cf/code/BytecodeArray$Visitor;)I @ 2484
Event: 6.513 Thread 0x000000005708d800 Uncommon trap: reason=bimorphic action=maybe_recompile pc=0x0000000003696d10 method=com.android.dx.cf.code.BytecodeArray.parseInstruction(ILcom/android/dx/cf/code/BytecodeArray$Visitor;)I @ 2484
Event: 6.782 Thread 0x0000000057076000 Uncommon trap: reason=bimorphic action=maybe_recompile pc=0x0000000003692910 method=com.android.dx.cf.code.BytecodeArray.parseInstruction(ILcom/android/dx/cf/code/BytecodeArray$Visitor;)I @ 2281
Event: 6.783 Thread 0x0000000057076000 Uncommon trap: reason=bimorphic action=maybe_recompile pc=0x0000000003692910 method=com.android.dx.cf.code.BytecodeArray.parseInstruction(ILcom/android/dx/cf/code/BytecodeArray$Visitor;)I @ 2281

Internal exceptions (4 events):
Event: 0.075 Thread 0x000000000260f800 Exception <a 'java/lang/NoSuchMethodError': Method sun.misc.Unsafe.defineClass(Ljava/lang/String;[BII)Ljava/lang/Class; name or signature does not match> (0x00000000eab13090) thrown at [C:\re\workspace\8-2-build-windows-amd64-cygwin\jdk8u60\4407\hotspot\sr_Î5rM³?
Event: 0.075 Thread 0x000000000260f800 Exception <a 'java/lang/NoSuchMethodError': Method sun.misc.Unsafe.prefetchRead(Ljava/lang/Object;J)V name or signature does not match> (0x00000000eab13378) thrown at [C:\re\workspace\8-2-build-windows-amd64-cygwin\jdk8u60\4407\hotspot\src\share\vm\prims\jw#¢ÔþE@
Event: 4.318 Thread 0x0000000057065000 Implicit null exception at 0x00000000033a2b3e to 0x00000000033a443d
Event: 4.318 Thread 0x0000000057065000 Implicit null exception at 0x000000000339153c to 0x0000000003392d09

Events (10 events):
Event: 6.513 Thread 0x000000005708d800 DEOPT UNPACKING pc=0x000000000314582a sp=0x000000005836e5d8 mode 2
Event: 6.513 Thread 0x000000005708d800 Uncommon trap: trap_request=0xffffffc6 fr.pc=0x0000000003696d10
Event: 6.513 Thread 0x000000005708d800 DEOPT PACKING pc=0x0000000003696d10 sp=0x000000005836e3c0
Event: 6.513 Thread 0x000000005708d800 DEOPT UNPACKING pc=0x000000000314582a sp=0x000000005836e398 mode 2
Event: 6.782 Thread 0x0000000057076000 Uncommon trap: trap_request=0xffffffc6 fr.pc=0x0000000003692910
Event: 6.782 Thread 0x0000000057076000 DEOPT PACKING pc=0x0000000003692910 sp=0x0000000057d3ea00
Event: 6.782 Thread 0x0000000057076000 DEOPT UNPACKING pc=0x000000000314582a sp=0x0000000057d3e9e0 mode 2
Event: 6.783 Thread 0x0000000057076000 Uncommon trap: trap_request=0xffffffc6 fr.pc=0x0000000003692910
Event: 6.783 Thread 0x0000000057076000 DEOPT PACKING pc=0x0000000003692910 sp=0x0000000057d3e7c0
Event: 6.783 Thread 0x0000000057076000 DEOPT UNPACKING pc=0x000000000314582a sp=0x0000000057d3e7a0 mode 2


Dynamic libraries:
0x000000013f080000 - 0x000000013f0b7000 	D:\Program Files\Java\jdk1.8.0_60\bin\java.exe
0x0000000076f40000 - 0x00000000770ea000 	C:\windows\SYSTEM32\ntdll.dll
0x0000000076e20000 - 0x0000000076f3f000 	C:\windows\system32\kernel32.dll
0x000007fefccc0000 - 0x000007fefcd2a000 	C:\windows\system32\KERNELBASE.dll
0x000007fefcff0000 - 0x000007fefd0cb000 	C:\windows\system32\ADVAPI32.dll
0x000007fefec00000 - 0x000007fefec9f000 	C:\windows\system32\msvcrt.dll
0x000007fefdba0000 - 0x000007fefdbbf000 	C:\windows\SYSTEM32\sechost.dll
0x000007fefd5f0000 - 0x000007fefd71d000 	C:\windows\system32\RPCRT4.dll
0x0000000076d20000 - 0x0000000076e1a000 	C:\windows\system32\USER32.dll
0x000007feff0e0000 - 0x000007feff147000 	C:\windows\system32\GDI32.dll
0x000007fefd860000 - 0x000007fefd86e000 	C:\windows\system32\LPK.dll
0x000007feff150000 - 0x000007feff21b000 	C:\windows\system32\USP10.dll
0x000007fefbc60000 - 0x000007fefbe54000 	C:\windows\WinSxS\amd64_microsoft.windows.common-controls_6595b64144ccf1df_6.0.7601.18837_none_fa3b1e3d17594757\COMCTL32.dll
0x000007fefdbc0000 - 0x000007fefdc31000 	C:\windows\system32\SHLWAPI.dll
0x000007feff0b0000 - 0x000007feff0de000 	C:\windows\system32\IMM32.DLL
0x000007fefd4e0000 - 0x000007fefd5e9000 	C:\windows\system32\MSCTF.dll
0x000007fefcb60000 - 0x000007fefcb91000 	C:\windows\system32\nvinitx.dll
0x000007fefcb50000 - 0x000007fefcb5c000 	C:\windows\system32\VERSION.dll
0x00000000740a0000 - 0x00000000740a6000 	C:\Program Files\NVIDIA Corporation\CoProcManager\detoured.dll
0x000007fef94e0000 - 0x000007fef9512000 	C:\Program Files\NVIDIA Corporation\CoProcManager\nvd3d9wrapx.dll
0x000007fefdc90000 - 0x000007fefde67000 	C:\windows\system32\SETUPAPI.dll
0x000007fefcf90000 - 0x000007fefcfc6000 	C:\windows\system32\CFGMGR32.dll
0x000007fefd720000 - 0x000007fefd7fa000 	C:\windows\system32\OLEAUT32.dll
0x000007fefee30000 - 0x000007feff02c000 	C:\windows\system32\ole32.dll
0x000007fefcc50000 - 0x000007fefcc6a000 	C:\windows\system32\DEVOBJ.dll
0x000007fef94b0000 - 0x000007fef94d2000 	C:\Program Files\NVIDIA Corporation\CoProcManager\nvdxgiwrapx.dll
0x0000000056100000 - 0x00000000561d2000 	D:\Program Files\Java\jdk1.8.0_60\jre\bin\msvcr100.dll
0x0000000002610000 - 0x0000000002e99000 	D:\Program Files\Java\jdk1.8.0_60\jre\bin\server\jvm.dll
0x000007fefa670000 - 0x000007fefa679000 	C:\windows\system32\WSOCK32.dll
0x000007fefdc40000 - 0x000007fefdc8d000 	C:\windows\system32\WS2_32.dll
0x000007feff240000 - 0x000007feff248000 	C:\windows\system32\NSI.dll
0x000007fefa400000 - 0x000007fefa43b000 	C:\windows\system32\WINMM.dll
0x0000000077100000 - 0x0000000077107000 	C:\windows\system32\PSAPI.DLL
0x0000000065f30000 - 0x0000000065f3f000 	D:\Program Files\Java\jdk1.8.0_60\jre\bin\verify.dll
0x0000000065f00000 - 0x0000000065f29000 	D:\Program Files\Java\jdk1.8.0_60\jre\bin\java.dll
0x0000000065ee0000 - 0x0000000065ef6000 	D:\Program Files\Java\jdk1.8.0_60\jre\bin\zip.dll
0x000007fefde70000 - 0x000007fefebfb000 	C:\windows\system32\SHELL32.dll
0x000007fefcc30000 - 0x000007fefcc3f000 	C:\windows\system32\profapi.dll

VM Arguments:
jvm_args: -Djava.awt.headless=true -Xmx1024M -Dfile.encoding=GBK -Duser.country=CN -Duser.language=zh -Duser.variant 
java_command: com.android.dx.command.Main --dex --num-threads=4 --output F:\app\react-native-example-jdh\android\app\build\intermediates\pre-dexed\debug\com.facebook.fresco-imagepipeline-base-1.0.1_3218e34ecdb71c23d706a1d79de3afe528aa2350.jar F:\app\react-native-example-jdh\android\app\build\intermediates\exploded-aar\com.facebook.fresco\imagepipeline-base\1.0.1\jars\classes.jar
java_class_path (initial): D:\Android\sdk\build-tools\23.0.1\lib\dx.jar
Launcher Type: SUN_STANDARD

Environment Variables:
JAVA_HOME=D:\Program Files\Java\jdk1.8.0_60
CLASSPATH=F:\app\react-native-example-jdh\android\\gradle\wrapper\gradle-wrapper.jar
PATH=C:\Users\xiaosong\.babun\cygwin\home\xiaosong\.local\bin;C:\Users\xiaosong\.babun\cygwin\usr\local\bin;C:\Users\xiaosong\.babun\cygwin\home\xiaosong\.local\bin;C:\Users\xiaosong\.babun\cygwin\usr\local\bin;C:\Users\xiaosong\.babun\cygwin\bin;C:\ProgramData\Oracle\Java\javapath;C:\Program Files\Broadcom\Broadcom 802.11 Network Adapter\Driver;C:\windows\system32;C:\windows;C:\windows\System32\Wbem;C:\windows\System32\WindowsPowerShell\v1.0;C:\Program Files\WIDCOMM\Bluetooth Software;C:\Program Files\WIDCOMM\Bluetooth Software\syswow64;D:\Program Files\Java\jdk1.8.0_60\bin;D:\Program Files\Java\jdk1.8.0_60\jre\bin;D:\Android\sdk\tools;D:\Android\sdk\platform-tools;D:\Program Files\ADT\eclipse\plugins\org.apache.ant_1.8.4.v201303080030\bin;D:\Program Files\ADT\apacheANT\bin;D:\Program Files\ADT\apacheANT\lib;C:\Users\xiaosong\AppData\Roaming\npm;C:\Program Files (x86)\NVIDIA Corporation\PhysX\Common; D;C:\Users\xiaosong\.babun\cygwin\Android\sdk\tools;D:\Program Files\nodejs;C:\Program Files\dotnet;D:\Program Files\MongoDB\Server\3.4\bin;D:\Program Files\TortoiseGit\bin;D:\Program Files\Git\cmd;D:\Program Files\Brackets\command;C:\Users\xiaosong\AppData\Roaming\npm;D:\Program Files\Microsoft VS Code\bin;C:\Users\xiaosong\AppData\Local\atom\bin
USERNAME=xiaosong
SHELL=/bin/zsh
OS=Windows_NT
PROCESSOR_IDENTIFIER=Intel64 Family 6 Model 60 Stepping 3, GenuineIntel



---------------  S Y S T E M  ---------------

OS: Windows 7 , 64 bit Build 7601 (6.1.7601.23807)

CPU:total 4 (2 cores per cpu, 2 threads per core) family 6 model 60 stepping 3, cmov, cx8, fxsr, mmx, sse, sse2, sse3, ssse3, sse4.1, sse4.2, popcnt, avx, avx2, aes, clmul, erms, lzcnt, ht, tsc, tscinvbit, bmi1, bmi2

Memory: 4k page, physical 8268820k(1010056k free), swap 8266960k(10952k free)

vm_info: Java HotSpot(TM) 64-Bit Server VM (25.60-b23) for windows-amd64 JRE (1.8.0_60-b27), built on Aug  4 2015 11:06:27 by "java_re" with MS VC++ 10.0 (VS2010)

time: Sun Aug 06 15:50:21 2017
elapsed time: 6 seconds (0d 0h 0m 6s)

