#
# There is insufficient memory for the Java Runtime Environment to continue.
# Native memory allocation (malloc) failed to allocate 32744 bytes for ChunkPool::allocate
# Possible reasons:
#   The system is out of physical RAM or swap space
#   In 32 bit mode, the process size limit was hit
# Possible solutions:
#   Reduce memory load on the system
#   Increase physical memory or swap space
#   Check if swap backing store is full
#   Use 64 bit Java on a 64 bit OS
#   Decrease Java heap size (-Xmx/-Xms)
#   Decrease number of Java threads
#   Decrease Java thread stack sizes (-Xss)
#   Set larger code cache with -XX:ReservedCodeCacheSize=
# This output file may be truncated or incomplete.
#
#  Out of Memory Error (allocation.cpp:273), pid=7080, tid=6228
#
# JRE version: Java(TM) SE Runtime Environment (8.0_60-b27) (build 1.8.0_60-b27)
# Java VM: Java HotSpot(TM) 64-Bit Server VM (25.60-b23 mixed mode windows-amd64 compressed oops)
# Failed to write core dump. Minidumps are not enabled by default on client versions of Windows
#

---------------  T H R E A D  ---------------

Current thread (0x0000000056467000):  JavaThread "C1 CompilerThread2" daemon [_thread_in_native, id=6228, stack(0x0000000056e20000,0x0000000056f20000)]

Stack: [0x0000000056e20000,0x0000000056f20000]
[error occurred during error reporting (printing stack bounds), id 0xc0000005]

Native frames: (J=compiled Java code, j=interpreted, Vv=VM code, C=native code)


Current CompileTask:
C1:    527  143       3      
[error occurred during error reporting (printing current compile task), id 0xe0000001]


---------------  P R O C E S S  ---------------

Java Threads: ( => current thread )
  0x000000005664a000 JavaThread "pool-1-thread-4" [_thread_new, id=6896, stack(0x0000000000000000,0x0000000000000000)]
  0x0000000056647800 JavaThread "pool-1-thread-3" [_thread_new, id=7272, stack(0x0000000000000000,0x0000000000000000)]
  0x0000000056646800 JavaThread "pool-1-thread-2" [_thread_blocked, id=8084, stack(0x0000000057700000,0x0000000057800000)]
  0x0000000056626000 JavaThread "pool-2-thread-1" [_thread_blocked, id=7604, stack(0x00000000574a0000,0x00000000575a0000)]
  0x00000000565ec800 JavaThread "pool-1-thread-1" [_thread_blocked, id=8164, stack(0x0000000057300000,0x0000000057400000)]
  0x0000000056473800 JavaThread "Service Thread" daemon [_thread_blocked, id=3964, stack(0x0000000056f30000,0x0000000057030000)]
=>0x0000000056467000 JavaThread "C1 CompilerThread2" daemon [_thread_in_native, id=6228, stack(0x0000000056e20000,0x0000000056f20000)]
  0x0000000056466000 JavaThread "C2 CompilerThread1" daemon [_thread_blocked, id=8664, stack(0x0000000056cc0000,0x0000000056dc0000)]
  0x000000005512f000 JavaThread "C2 CompilerThread0" daemon [_thread_blocked, id=6964, stack(0x0000000056990000,0x0000000056a90000)]
  0x000000005512d800 JavaThread "Attach Listener" daemon [_thread_blocked, id=7648, stack(0x0000000056b50000,0x0000000056c50000)]
  0x0000000055121000 JavaThread "Signal Dispatcher" daemon [_thread_blocked, id=9316, stack(0x0000000056880000,0x0000000056980000)]
  0x00000000550c8800 JavaThread "Finalizer" daemon [_thread_blocked, id=4520, stack(0x0000000056350000,0x0000000056450000)]
  0x00000000550c1800 JavaThread "Reference Handler" daemon [_thread_blocked, id=10584, stack(0x00000000561d0000,0x00000000562d0000)]
  0x0000000002438800 JavaThread "main" [_thread_in_vm, id=11036, stack(0x0000000002720000,0x0000000002820000)]

Other Threads:
  0x00000000550bc000 VMThread [stack: 0x0000000056090000,0x0000000056190000] [id=9560]
  0x00000000564fb000 WatcherThread [stack: 0x00000000570b0000,0x00000000571b0000] [id=10448]

VM state:not at safepoint (normal execution)

VM Mutex/Monitor currently owned by a thread: None

Heap:
 PSYoungGen      total 38400K, used 6660K [0x00000000eab00000, 0x00000000ed580000, 0x0000000100000000)
  eden space 33280K, 20% used [0x00000000eab00000,0x00000000eb1812c0,0x00000000ecb80000)
  from space 5120K, 0% used [0x00000000ed080000,0x00000000ed080000,0x00000000ed580000)
  to   space 5120K, 0% used [0x00000000ecb80000,0x00000000ecb80000,0x00000000ed080000)
 ParOldGen       total 87552K, used 0K [0x00000000c0000000, 0x00000000c5580000, 0x00000000eab00000)
  object space 87552K, 0% used [0x00000000c0000000,0x00000000c0000000,0x00000000c5580000)
 Metaspace       used 3970K, capacity 5232K, committed 5376K, reserved 1056768K
  class space    used 453K, capacity 488K, committed 512K, reserved 1048576K

Card table byte_map: [0x0000000011be0000,0x0000000011df0000] byte_map_base: 0x00000000115e0000

Marking Bits: (ParMarkBitMap*) 0x000000007080a5b0
 Begin Bits: [0x0000000012530000, 0x0000000013530000)
 End Bits:   [0x0000000013530000, 0x0000000014530000)

Polling page: 0x0000000000230000

CodeCache: size=245760Kb used=1328Kb max_used=1338Kb free=244431Kb
 bounds [0x0000000002820000, 0x0000000002a90000, 0x0000000011820000]
 total_blobs=394 nmethods=138 adapters=169
 compilation: enabled

Compilation events (10 events):
Event: 0.506 Thread 0x0000000056467000 nmethod 133 0x000000000296b250 code [0x000000000296b3c0, 0x000000000296b608]
Event: 0.507 Thread 0x0000000056467000  135       1       com.android.dx.util.ByteArray::access$000 (5 bytes)
Event: 0.507 Thread 0x0000000056467000 nmethod 135 0x000000000296af90 code [0x000000000296b0e0, 0x000000000296b1d0]
Event: 0.523 Thread 0x0000000056466000  142       4       java.lang.String::lastIndexOf (52 bytes)
Event: 0.523 Thread 0x000000005512f000  140       4       com.android.dx.util.ByteArray::getUnsignedByte0 (16 bytes)
Event: 0.523 Thread 0x000000005512f000 nmethod 140 0x000000000296bfd0 code [0x000000000296c100, 0x000000000296c198]
Event: 0.525 Thread 0x0000000056466000 nmethod 142 0x000000000296ac10 code [0x000000000296ad40, 0x000000000296ae98]
Event: 0.525 Thread 0x0000000056467000  137       3       com.android.dx.util.ByteArray::getUnsignedShort (25 bytes)
Event: 0.525 Thread 0x0000000056467000 nmethod 137 0x0000000002970150 code [0x00000000029702c0, 0x00000000029705a8]
Event: 0.525 Thread 0x0000000056467000  143       3       java.util.TreeMap::fixAfterInsertion (267 bytes)

GC Heap History (0 events):
No events

Deoptimization events (0 events):
No events

Internal exceptions (2 events):
Event: 0.258 Thread 0x0000000002438800 Exception <a 'java/lang/NoSuchMethodError': Method sun.misc.Unsafe.defineClass(Ljava/lang/String;[BII)Ljava/lang/Class; name or signature does not match> (0x00000000eab13098) thrown at [C:\re\workspace\8-2-build-windows-amd64-cygwin\jdk8u60\4407\hotspot\srÔ‰ÇÐ?
Event: 0.258 Thread 0x0000000002438800 Exception <a 'java/lang/NoSuchMethodError': Method sun.misc.Unsafe.prefetchRead(Ljava/lang/Object;J)V name or signature does not match> (0x00000000eab13380) thrown at [C:\re\workspace\8-2-build-windows-amd64-cygwin\jdk8u60\4407\hotspot\src\share\vm\prims\j

Events (10 events):
Event: 0.508 loading class com/android/dx/dex/file/EncodedMethod
Event: 0.508 loading class com/android/dx/dex/file/EncodedMethod done
Event: 0.508 loading class com/android/dx/dex/file/EncodedMember
Event: 0.508 loading class com/android/dx/dex/file/EncodedMember done
Event: 0.509 loading class com/android/dx/dex/file/CodeItem
Event: 0.509 loading class com/android/dx/dex/file/CodeItem done
Event: 0.510 loading class com/android/dx/rop/annotation/AnnotationsList
Event: 0.510 loading class com/android/dx/rop/annotation/AnnotationsList done
Event: 0.510 loading class com/android/dx/dex/file/MethodIdItem
Event: 0.510 loading class com/android/dx/dex/file/MethodIdItem done


Dynamic libraries:
0x000000013f530000 - 0x000000013f567000 	D:\Program Files\Java\jdk1.8.0_60\bin\java.exe
0x0000000077970000 - 0x0000000077b1a000 	C:\windows\SYSTEM32\ntdll.dll
0x0000000077750000 - 0x000000007786f000 	C:\windows\system32\kernel32.dll
0x000007fefd750000 - 0x000007fefd7ba000 	C:\windows\system32\KERNELBASE.dll
0x000007fefe730000 - 0x000007fefe80b000 	C:\windows\system32\ADVAPI32.dll
0x000007fefe530000 - 0x000007fefe5cf000 	C:\windows\system32\msvcrt.dll
0x000007fefdd80000 - 0x000007fefdd9f000 	C:\windows\SYSTEM32\sechost.dll
0x000007fefdba0000 - 0x000007fefdccd000 	C:\windows\system32\RPCRT4.dll
0x0000000077870000 - 0x000000007796a000 	C:\windows\system32\USER32.dll
0x000007fefe6c0000 - 0x000007fefe727000 	C:\windows\system32\GDI32.dll
0x000007feffa70000 - 0x000007feffa7e000 	C:\windows\system32\LPK.dll
0x000007feff9a0000 - 0x000007feffa6b000 	C:\windows\system32\USP10.dll
0x000007fefc690000 - 0x000007fefc884000 	C:\windows\WinSxS\amd64_microsoft.windows.common-controls_6595b64144ccf1df_6.0.7601.18837_none_fa3b1e3d17594757\COMCTL32.dll
0x000007fefdda0000 - 0x000007fefde11000 	C:\windows\system32\SHLWAPI.dll
0x000007fefdd50000 - 0x000007fefdd7e000 	C:\windows\system32\IMM32.DLL
0x000007feff870000 - 0x000007feff979000 	C:\windows\system32\MSCTF.dll
0x000007fefd590000 - 0x000007fefd5c1000 	C:\windows\system32\nvinitx.dll
0x000007fefd580000 - 0x000007fefd58c000 	C:\windows\system32\VERSION.dll
0x0000000075190000 - 0x0000000075196000 	C:\Program Files\NVIDIA Corporation\CoProcManager\detoured.dll
0x000007fefa3f0000 - 0x000007fefa422000 	C:\Program Files\NVIDIA Corporation\CoProcManager\nvd3d9wrapx.dll
0x000007fefde90000 - 0x000007fefe067000 	C:\windows\system32\SETUPAPI.dll
0x000007fefd7c0000 - 0x000007fefd7f6000 	C:\windows\system32\CFGMGR32.dll
0x000007fefdac0000 - 0x000007fefdb9a000 	C:\windows\system32\OLEAUT32.dll
0x000007feffa80000 - 0x000007feffc7c000 	C:\windows\system32\ole32.dll
0x000007fefd680000 - 0x000007fefd69a000 	C:\windows\system32\DEVOBJ.dll
0x000007fefa3c0000 - 0x000007fefa3e2000 	C:\Program Files\NVIDIA Corporation\CoProcManager\nvdxgiwrapx.dll
0x0000000078900000 - 0x00000000789d2000 	D:\Program Files\Java\jdk1.8.0_60\jre\bin\msvcr100.dll
0x0000000070000000 - 0x0000000070889000 	D:\Program Files\Java\jdk1.8.0_60\jre\bin\server\jvm.dll
0x000007feedc60000 - 0x000007feedc69000 	C:\windows\system32\WSOCK32.dll
0x000007fefe670000 - 0x000007fefe6bd000 	C:\windows\system32\WS2_32.dll
0x000007fefde80000 - 0x000007fefde88000 	C:\windows\system32\NSI.dll
0x000007fefb110000 - 0x000007fefb14b000 	C:\windows\system32\WINMM.dll
0x0000000077b40000 - 0x0000000077b47000 	C:\windows\system32\PSAPI.DLL
0x000000005f820000 - 0x000000005f82f000 	D:\Program Files\Java\jdk1.8.0_60\jre\bin\verify.dll
0x000000005a710000 - 0x000000005a739000 	D:\Program Files\Java\jdk1.8.0_60\jre\bin\java.dll
0x000000005e430000 - 0x000000005e446000 	D:\Program Files\Java\jdk1.8.0_60\jre\bin\zip.dll
0x000007fefeae0000 - 0x000007feff86a000 	C:\windows\system32\SHELL32.dll
0x000007fefd660000 - 0x000007fefd66f000 	C:\windows\system32\profapi.dll

VM Arguments:
jvm_args: -Djava.awt.headless=true -Xmx1024M -Dfile.encoding=GBK -Duser.country=CN -Duser.language=zh -Duser.variant 
java_command: com.android.dx.command.Main --dex --num-threads=4 --output F:\app\react-native-example-jdh\android\app\build\intermediates\pre-dexed\debug\javax.inject-1_1c2d66b82221c0dfe31f245d29d0126dee25880d.jar C:\Users\xiaosong\.gradle\caches\modules-2\files-2.1\javax.inject\javax.inject\1\6975da39a7040257bd51d21a231b76c915872d38\javax.inject-1.jar
java_class_path (initial): D:\Android\sdk\build-tools\23.0.1\lib\dx.jar
Launcher Type: SUN_STANDARD

Environment Variables:
JAVA_HOME=D:\Program Files\Java\jdk1.8.0_60
CLASSPATH=F:\app\react-native-example-jdh\android\\gradle\wrapper\gradle-wrapper.jar
PATH=D:\Program Files\cmder\bin;D:\Program Files\cmder\vendor\conemu-maximus5\ConEmu\Scripts;D:\Program Files\cmder\vendor\conemu-maximus5;D:\Program Files\cmder\vendor\conemu-maximus5\ConEmu;C:\PROGRAMDATA\ORACLE\JAVA\JAVAPATH;C:\PROGRAM FILES\BROADCOM\BROADCOM 802.11 NETWORK ADAPTER\DRIVER;C:\WINDOWS\SYSTEM32;C:\WINDOWS;C:\WINDOWS\SYSTEM32\WBEM;C:\WINDOWS\SYSTEM32\WINDOWSPOWERSHELL\V1.0\;;D:\PROGRAM FILES\JAVA\JDK1.8.0_60\BIN;D:\PROGRAM FILES\JAVA\JDK1.8.0_60\JRE\BIN;D:\ANDROID\SDK\TOOLS;D:\ANDROID\SDK\PLATFORM-TOOLS;D:\PROGRAM FILES\ADT\ECLIPSE\PLUGINS\ORG.APACHE.ANT_1.8.4.V201303080030\BIN;D:\PROGRAM FILES\ADT\APACHEANT\BIN;D:\PROGRAM FILES\ADT\APACHEANT\LIB;C:\USERS\XIAOSONG\APPDATA\ROAMING\NPM;C:\PROGRAM FILES (X86)\NVIDIA CORPORATION\PHYSX\COMMON; D:\Android\sdk\TOOLS;D:\PROGRAM FILES\NODEJS\;C:\PROGRAM FILES\DOTNET\;D:\PROGRAM FILES\MONGODB\SERVER\3.4\BIN;D:\PROGRAM FILES\TORTOISEGIT\BIN;D:\PROGRAM FILES\GIT\CMD;D:\PROGRAM FILES\BRACKETS\COMMAND;C:\Program Files\WIDCOMM\Bluetooth Software\;C:\Program Files\WIDCOMM\Bluetooth Software\syswow64;C:\Users\xiaosong\AppData\Roaming\npm;D:\Program Files\Microsoft VS Code\bin;C:\Users\xiaosong\AppData\Local\atom\bin;D:\Program Files\Git\usr\bin;D:\Program Files\Git\usr\share\vim\vim74;D:\Program Files\cmder\
USERNAME=xiaosong
OS=Windows_NT
PROCESSOR_IDENTIFIER=Intel64 Family 6 Model 60 Stepping 3, GenuineIntel



---------------  S Y S T E M  ---------------

OS: Windows 7 , 64 bit Build 7601 (6.1.7601.23915)

CPU:total 4 (2 cores per cpu, 2 threads per core) family 6 model 60 stepping 3, cmov, cx8, fxsr, mmx, sse, sse2, sse3, ssse3, sse4.1, sse4.2, popcnt, avx, avx2, aes, clmul, erms, lzcnt, ht, tsc, tscinvbit, bmi1, bmi2

Memory: 4k page, physical 8268820k(1353620k free), swap 8266960k(5036k free)

vm_info: Java HotSpot(TM) 64-Bit Server VM (25.60-b23) for windows-amd64 JRE (1.8.0_60-b27), built on Aug  4 2015 11:06:27 by "java_re" with MS VC++ 10.0 (VS2010)

time: Mon Nov 06 21:35:29 2017
elapsed time: 0 seconds (0d 0h 0m 0s)

