#
# There is insufficient memory for the Java Runtime Environment to continue.
# Native memory allocation (malloc) failed to allocate 1048576 bytes for AllocateHeap
# Possible reasons:
#   The system is out of physical RAM or swap space
#   In 32 bit mode, the process size limit was hit
# Possible solutions:
#   Reduce memory load on the system
#   Increase physical memory or swap space
#   Check if swap backing store is full
#   Use 64 bit Java on a 64 bit OS
#   Decrease Java heap size (-Xmx/-Xms)
#   Decrease number of Java threads
#   Decrease Java thread stack sizes (-Xss)
#   Set larger code cache with -XX:ReservedCodeCacheSize=
# This output file may be truncated or incomplete.
#
#  Out of Memory Error (memory/allocation.inline.hpp:61), pid=8424, tid=8800
#
# JRE version:  (8.0_60-b27) (build )
# Java VM: Java HotSpot(TM) 64-Bit Server VM (25.60-b23 mixed mode windows-amd64 compressed oops)
# Failed to write core dump. Minidumps are not enabled by default on client versions of Windows
#

---------------  T H R E A D  ---------------

Current thread (0x0000000002408800):  JavaThread "Unknown thread" [_thread_in_vm, id=8800, stack(0x0000000002820000,0x0000000002920000)]

Stack: [0x0000000002820000,0x0000000002920000]
[error occurred during error reporting (printing stack bounds), id 0xc0000005]

Native frames: (J=compiled Java code, j=interpreted, Vv=VM code, C=native code)


---------------  P R O C E S S  ---------------

Java Threads: ( => current thread )

Other Threads:

=>0x0000000002408800 (exited) JavaThread "Unknown thread" [_thread_in_vm, id=8800, stack(0x0000000002820000,0x0000000002920000)]

VM state:not at safepoint (normal execution)

VM Mutex/Monitor currently owned by a thread: None

Heap:
 PSYoungGen      total 38400K, used 665K [0x00000000eab00000, 0x00000000ed580000, 0x0000000100000000)
  eden space 33280K, 2% used [0x00000000eab00000,0x00000000eaba6670,0x00000000ecb80000)
  from space 5120K, 0% used [0x00000000ed080000,0x00000000ed080000,0x00000000ed580000)
  to   space 5120K, 0% used [0x00000000ecb80000,0x00000000ecb80000,0x00000000ed080000)
 ParOldGen       total 87552K, used 0K [0x00000000c0000000, 0x00000000c5580000, 0x00000000eab00000)
  object space 87552K, 0% used [0x00000000c0000000,0x00000000c0000000,0x00000000c5580000)
 Metaspace       used 781K, capacity 1092K, committed 1152K, reserved 1060864K
  class space    used 75K, capacity 384K, committed 384K, reserved 1048576K

Card table byte_map: [0x0000000011ce0000,0x0000000011ef0000] byte_map_base: 0x00000000116e0000

Marking Bits: (ParMarkBitMap*) 0x00000000594fa5b0
 Begin Bits: [0x00000000123f0000, 0x00000000133f0000)
 End Bits:   [0x00000000133f0000, 0x00000000143f0000)

Polling page: 0x0000000000430000

CodeCache: size=245760Kb used=328Kb max_used=328Kb free=245431Kb
 bounds [0x0000000002920000, 0x0000000002b90000, 0x0000000011920000]
 total_blobs=57 nmethods=0 adapters=37
 compilation: enabled

Compilation events (0 events):
No events

GC Heap History (0 events):
No events

Deoptimization events (0 events):
No events

Internal exceptions (0 events):
No events

Events (10 events):
Event: 0.362 loading class java/lang/Short
Event: 0.362 loading class java/lang/Short done
Event: 0.362 loading class java/lang/Integer
Event: 0.363 loading class java/lang/Integer done
Event: 0.363 loading class java/lang/Long
Event: 0.363 loading class java/lang/Long done
Event: 0.363 loading class java/lang/NullPointerException
Event: 0.363 loading class java/lang/NullPointerException done
Event: 0.363 loading class java/lang/ArithmeticException
Event: 0.363 loading class java/lang/ArithmeticException done


Dynamic libraries:
0x000000013f070000 - 0x000000013f0a7000 	D:\Program Files\Java\jdk1.8.0_60\bin\java.exe
0x0000000076d90000 - 0x0000000076f3a000 	C:\windows\SYSTEM32\ntdll.dll
0x0000000076c70000 - 0x0000000076d8f000 	C:\windows\system32\kernel32.dll
0x000007fefcdd0000 - 0x000007fefce3a000 	C:\windows\system32\KERNELBASE.dll
0x000007fefd110000 - 0x000007fefd1eb000 	C:\windows\system32\ADVAPI32.dll
0x000007fefe740000 - 0x000007fefe7df000 	C:\windows\system32\msvcrt.dll
0x000007fefed50000 - 0x000007fefed6f000 	C:\windows\SYSTEM32\sechost.dll
0x000007fefe610000 - 0x000007fefe73d000 	C:\windows\system32\RPCRT4.dll
0x0000000076b70000 - 0x0000000076c6a000 	C:\windows\system32\USER32.dll
0x000007fefe5a0000 - 0x000007fefe607000 	C:\windows\system32\GDI32.dll
0x000007fefe7e0000 - 0x000007fefe7ee000 	C:\windows\system32\LPK.dll
0x000007fefe8b0000 - 0x000007fefe97b000 	C:\windows\system32\USP10.dll
0x000007fefba20000 - 0x000007fefbc14000 	C:\windows\WinSxS\amd64_microsoft.windows.common-controls_6595b64144ccf1df_6.0.7601.18837_none_fa3b1e3d17594757\COMCTL32.dll
0x000007fefe980000 - 0x000007fefe9f1000 	C:\windows\system32\SHLWAPI.dll
0x000007fefd0e0000 - 0x000007fefd10e000 	C:\windows\system32\IMM32.DLL
0x000007fefea60000 - 0x000007fefeb69000 	C:\windows\system32\MSCTF.dll
0x000007fefc9b0000 - 0x000007fefc9e1000 	C:\windows\system32\nvinitx.dll
0x000007fefc9a0000 - 0x000007fefc9ac000 	C:\windows\system32\VERSION.dll
0x00000000745b0000 - 0x00000000745b6000 	C:\Program Files\NVIDIA Corporation\CoProcManager\detoured.dll
0x000007fef9c50000 - 0x000007fef9c82000 	C:\Program Files\NVIDIA Corporation\CoProcManager\nvd3d9wrapx.dll
0x000007fefeb70000 - 0x000007fefed47000 	C:\windows\system32\SETUPAPI.dll
0x000007fefcac0000 - 0x000007fefcaf6000 	C:\windows\system32\CFGMGR32.dll
0x000007fefd1f0000 - 0x000007fefd2ca000 	C:\windows\system32\OLEAUT32.dll
0x000007fefcee0000 - 0x000007fefd0dc000 	C:\windows\system32\ole32.dll
0x000007fefccf0000 - 0x000007fefcd0a000 	C:\windows\system32\DEVOBJ.dll
0x000007fef9b80000 - 0x000007fef9ba2000 	C:\Program Files\NVIDIA Corporation\CoProcManager\nvdxgiwrapx.dll
0x000000006eeb0000 - 0x000000006ef82000 	D:\Program Files\Java\jdk1.8.0_60\jre\bin\msvcr100.dll
0x0000000058cf0000 - 0x0000000059579000 	D:\Program Files\Java\jdk1.8.0_60\jre\bin\server\jvm.dll
0x000007fefa0c0000 - 0x000007fefa0c9000 	C:\windows\system32\WSOCK32.dll
0x000007fefe3b0000 - 0x000007fefe3fd000 	C:\windows\system32\WS2_32.dll
0x000007fefe400000 - 0x000007fefe408000 	C:\windows\system32\NSI.dll
0x000007fefa270000 - 0x000007fefa2ab000 	C:\windows\system32\WINMM.dll
0x0000000076f60000 - 0x0000000076f67000 	C:\windows\system32\PSAPI.DLL
0x0000000073220000 - 0x000000007322f000 	D:\Program Files\Java\jdk1.8.0_60\jre\bin\verify.dll
0x000000006f1a0000 - 0x000000006f1c9000 	D:\Program Files\Java\jdk1.8.0_60\jre\bin\java.dll
0x0000000072770000 - 0x0000000072786000 	D:\Program Files\Java\jdk1.8.0_60\jre\bin\zip.dll

VM Arguments:
jvm_args: -Djava.awt.headless=true -Xmx1024M -Dfile.encoding=GBK -Duser.country=CN -Duser.language=zh -Duser.variant 
java_command: com.android.dx.command.Main --dex --num-threads=4 --output F:\app\react-native-example-jdh\android\app\build\intermediates\pre-dexed\debug\com.facebook.fresco-imagepipeline-1.3.0_a19a7c596afc8ca0a764ab7dafee9f484400c268.jar F:\app\react-native-example-jdh\android\app\build\intermediates\exploded-aar\com.facebook.fresco\imagepipeline\1.3.0\jars\classes.jar
java_class_path (initial): D:\Android\sdk\build-tools\23.0.1\lib\dx.jar
Launcher Type: SUN_STANDARD

Environment Variables:
JAVA_HOME=D:\Program Files\Java\jdk1.8.0_60
CLASSPATH=F:\app\react-native-example-jdh\android\\gradle\wrapper\gradle-wrapper.jar
PATH=D:\Program Files\cmder\bin;D:\Program Files\cmder\vendor\conemu-maximus5\ConEmu\Scripts;D:\Program Files\cmder\vendor\conemu-maximus5;D:\Program Files\cmder\vendor\conemu-maximus5\ConEmu;C:\PROGRAMDATA\ORACLE\JAVA\JAVAPATH;C:\PROGRAM FILES\BROADCOM\BROADCOM 802.11 NETWORK ADAPTER\DRIVER;C:\WINDOWS\SYSTEM32;C:\WINDOWS;C:\WINDOWS\SYSTEM32\WBEM;C:\WINDOWS\SYSTEM32\WINDOWSPOWERSHELL\V1.0\;;D:\PROGRAM FILES\JAVA\JDK1.8.0_60\BIN;D:\PROGRAM FILES\JAVA\JDK1.8.0_60\JRE\BIN;D:\ANDROID\SDK\TOOLS;D:\ANDROID\SDK\PLATFORM-TOOLS;D:\PROGRAM FILES\ADT\ECLIPSE\PLUGINS\ORG.APACHE.ANT_1.8.4.V201303080030\BIN;D:\PROGRAM FILES\ADT\APACHEANT\BIN;D:\PROGRAM FILES\ADT\APACHEANT\LIB;C:\USERS\XIAOSONG\APPDATA\ROAMING\NPM;C:\PROGRAM FILES (X86)\NVIDIA CORPORATION\PHYSX\COMMON; D:\Android\sdk\TOOLS;D:\PROGRAM FILES\NODEJS\;C:\PROGRAM FILES\DOTNET\;D:\PROGRAM FILES\MONGODB\SERVER\3.4\BIN;D:\PROGRAM FILES\TORTOISEGIT\BIN;D:\PROGRAM FILES\GIT\CMD;D:\PROGRAM FILES\BRACKETS\COMMAND;C:\Program Files\WIDCOMM\Bluetooth Software\;C:\Program Files\WIDCOMM\Bluetooth Software\syswow64;C:\Users\xiaosong\AppData\Roaming\npm;D:\Program Files\Microsoft VS Code\bin;C:\Users\xiaosong\AppData\Local\atom\bin;D:\Program Files\Git\usr\bin;D:\Program Files\Git\usr\share\vim\vim74;D:\Program Files\cmder\
USERNAME=xiaosong
OS=Windows_NT
PROCESSOR_IDENTIFIER=Intel64 Family 6 Model 60 Stepping 3, GenuineIntel



---------------  S Y S T E M  ---------------

OS: Windows 7 , 64 bit Build 7601 (6.1.7601.23864)

CPU:total 4 (2 cores per cpu, 2 threads per core) family 6 model 60 stepping 3, cmov, cx8, fxsr, mmx, sse, sse2, sse3, ssse3, sse4.1, sse4.2, popcnt, avx, avx2, aes, clmul, erms, lzcnt, ht, tsc, tscinvbit, bmi1, bmi2

Memory: 4k page, physical 8268820k(1314612k free), swap 8266960k(5156k free)

vm_info: Java HotSpot(TM) 64-Bit Server VM (25.60-b23) for windows-amd64 JRE (1.8.0_60-b27), built on Aug  4 2015 11:06:27 by "java_re" with MS VC++ 10.0 (VS2010)

time: Sun Sep 10 23:56:00 2017
elapsed time: 0 seconds (0d 0h 0m 0s)

