#
# There is insufficient memory for the Java Runtime Environment to continue.
# Native memory allocation (malloc) failed to allocate 32784 bytes for Chunk::new
# Possible reasons:
#   The system is out of physical RAM or swap space
#   In 32 bit mode, the process size limit was hit
# Possible solutions:
#   Reduce memory load on the system
#   Increase physical memory or swap space
#   Check if swap backing store is full
#   Use 64 bit Java on a 64 bit OS
#   Decrease Java heap size (-Xmx/-Xms)
#   Decrease number of Java threads
#   Decrease Java thread stack sizes (-Xss)
#   Set larger code cache with -XX:ReservedCodeCacheSize=
# This output file may be truncated or incomplete.
#
#  Out of Memory Error (allocation.cpp:390), pid=7176, tid=8436
#
# JRE version: Java(TM) SE Runtime Environment (8.0_60-b27) (build 1.8.0_60-b27)
# Java VM: Java HotSpot(TM) 64-Bit Server VM (25.60-b23 mixed mode windows-amd64 compressed oops)
# Failed to write core dump. Minidumps are not enabled by default on client versions of Windows
#

---------------  T H R E A D  ---------------

Current thread (0x0000000056626000):  JavaThread "C2 CompilerThread1" daemon [_thread_in_native, id=8436, stack(0x0000000056eb0000,0x0000000056fb0000)]

Stack: [0x0000000056eb0000,0x0000000056fb0000]
[error occurred during error reporting (printing stack bounds), id 0xc0000005]

Native frames: (J=compiled Java code, j=interpreted, Vv=VM code, C=native code)


Current CompileTask:
C2:  24100 2306       4       com.android.dx.cf.direct.StdAttributeFactory::code (613 bytes)


---------------  P R O C E S S  ---------------

Java Threads: ( => current thread )
  0x0000000056946800 JavaThread "pool-1-thread-4" [_thread_blocked, id=9836, stack(0x00000000571d0000,0x00000000572d0000)]
  0x0000000056946000 JavaThread "pool-1-thread-3" [_thread_blocked, id=6556, stack(0x00000000579a0000,0x0000000057aa0000)]
  0x0000000056945000 JavaThread "pool-1-thread-2" [_thread_blocked, id=9516, stack(0x0000000057840000,0x0000000057940000)]
  0x0000000056944800 JavaThread "pool-2-thread-1" [_thread_blocked, id=5552, stack(0x00000000576e0000,0x00000000577e0000)]
  0x0000000056942800 JavaThread "pool-1-thread-1" [_thread_blocked, id=2372, stack(0x00000000574e0000,0x00000000575e0000)]
  0x0000000056634000 JavaThread "Service Thread" daemon [_thread_blocked, id=7060, stack(0x00000000570c0000,0x00000000571c0000)]
  0x0000000056627000 JavaThread "C1 CompilerThread2" daemon [_thread_blocked, id=5204, stack(0x0000000056310000,0x0000000056410000)]
=>0x0000000056626000 JavaThread "C2 CompilerThread1" daemon [_thread_in_native, id=8436, stack(0x0000000056eb0000,0x0000000056fb0000)]
  0x00000000551ef800 JavaThread "C2 CompilerThread0" daemon [_thread_blocked, id=8692, stack(0x0000000056d40000,0x0000000056e40000)]
  0x00000000551ee000 JavaThread "Attach Listener" daemon [_thread_blocked, id=10528, stack(0x0000000056b50000,0x0000000056c50000)]
  0x00000000551e1800 JavaThread "Signal Dispatcher" daemon [_thread_blocked, id=9268, stack(0x0000000056a50000,0x0000000056b50000)]
  0x0000000055183000 JavaThread "Finalizer" daemon [_thread_blocked, id=7688, stack(0x0000000056510000,0x0000000056610000)]
  0x0000000055181800 JavaThread "Reference Handler" daemon [_thread_blocked, id=9404, stack(0x0000000056410000,0x0000000056510000)]
  0x0000000002448800 JavaThread "main" [_thread_blocked, id=11260, stack(0x00000000027f0000,0x00000000028f0000)]

Other Threads:
  0x000000005517c000 VMThread [stack: 0x0000000056200000,0x0000000056300000] [id=10048]
  0x00000000566b1000 WatcherThread [stack: 0x00000000572d0000,0x00000000573d0000] [id=10508]

VM state:not at safepoint (normal execution)

VM Mutex/Monitor currently owned by a thread: None

Heap:
 PSYoungGen      total 149504K, used 122463K [0x00000000eab00000, 0x00000000f5000000, 0x0000000100000000)
  eden space 131584K, 79% used [0x00000000eab00000,0x00000000f111c918,0x00000000f2b80000)
  from space 17920K, 99% used [0x00000000f2b80000,0x00000000f3cfb470,0x00000000f3d00000)
  to   space 16384K, 0% used [0x00000000f3d00000,0x00000000f3d00000,0x00000000f4d00000)
 ParOldGen       total 87552K, used 48883K [0x00000000c0000000, 0x00000000c5580000, 0x00000000eab00000)
  object space 87552K, 55% used [0x00000000c0000000,0x00000000c2fbcd28,0x00000000c5580000)
 Metaspace       used 6311K, capacity 7218K, committed 7296K, reserved 1056768K
  class space    used 607K, capacity 618K, committed 640K, reserved 1048576K

Card table byte_map: [0x0000000011cb0000,0x0000000011ec0000] byte_map_base: 0x00000000116b0000

Marking Bits: (ParMarkBitMap*) 0x000000007080a5b0
 Begin Bits: [0x00000000125f0000, 0x00000000135f0000)
 End Bits:   [0x00000000135f0000, 0x00000000145f0000)

Polling page: 0x0000000000130000

CodeCache: size=245760Kb used=12949Kb max_used=13089Kb free=232810Kb
 bounds [0x00000000028f0000, 0x00000000035e0000, 0x00000000118f0000]
 total_blobs=2425 nmethods=2159 adapters=178
 compilation: enabled

Compilation events (10 events):
Event: 23.273 Thread 0x0000000056626000 2302       4       com.android.dx.rop.code.SourcePosition::equals (46 bytes)
Event: 23.274 Thread 0x0000000056626000 nmethod 2302 0x0000000002a1c2d0 code [0x0000000002a1c420, 0x0000000002a1c4d8]
Event: 23.277 Thread 0x0000000056626000 2303       4       com.android.dx.dex.cf.AttributeTranslator::getParameterAnnotations (69 bytes)
Event: 23.284 Thread 0x0000000056626000 nmethod 2303 0x0000000002a2bbd0 code [0x0000000002a2bd60, 0x0000000002a2c3d8]
Event: 23.348 Thread 0x00000000551ef800 nmethod 2297 0x00000000035c8c50 code [0x00000000035c8fe0, 0x00000000035cc080]
Event: 23.712 Thread 0x0000000056626000 2304       4       com.android.dx.ssa.Dominators$DfsWalker::<init> (6 bytes)
Event: 23.713 Thread 0x0000000056626000 nmethod 2304 0x0000000002aa9690 code [0x0000000002aa97c0, 0x0000000002aa9838]
Event: 23.717 Thread 0x0000000056627000 2305       3       com.android.dx.cf.direct.StdAttributeFactory::enclosingMethod (156 bytes)
Event: 23.720 Thread 0x0000000056627000 nmethod 2305 0x00000000035cfd10 code [0x00000000035d0320, 0x00000000035d4108]
Event: 24.038 Thread 0x0000000056626000 2306       4       com.android.dx.cf.direct.StdAttributeFactory::code (613 bytes)

GC Heap History (10 events):
Event: 6.949 GC heap before
{Heap before GC invocations=3 (full 0):
 PSYoungGen      total 38400K, used 38392K [0x00000000eab00000, 0x00000000ef600000, 0x0000000100000000)
  eden space 33280K, 100% used [0x00000000eab00000,0x00000000ecb80000,0x00000000ecb80000)
  from space 5120K, 99% used [0x00000000ed080000,0x00000000ed57e038,0x00000000ed580000)
  to   space 5120K, 0% used [0x00000000ecb80000,0x00000000ecb80000,0x00000000ed080000)
 ParOldGen       total 87552K, used 7678K [0x00000000c0000000, 0x00000000c5580000, 0x00000000eab00000)
  object space 87552K, 8% used [0x00000000c0000000,0x00000000c077f850,0x00000000c5580000)
 Metaspace       used 6100K, capacity 7152K, committed 7296K, reserved 1056768K
  class space    used 586K, capacity 616K, committed 640K, reserved 1048576K
Event: 7.123 GC heap after
Heap after GC invocations=3 (full 0):
 PSYoungGen      total 38400K, used 5100K [0x00000000eab00000, 0x00000000ef600000, 0x0000000100000000)
  eden space 33280K, 0% used [0x00000000eab00000,0x00000000eab00000,0x00000000ecb80000)
  from space 5120K, 99% used [0x00000000ecb80000,0x00000000ed07b238,0x00000000ed080000)
  to   space 5120K, 0% used [0x00000000ef100000,0x00000000ef100000,0x00000000ef600000)
 ParOldGen       total 87552K, used 12854K [0x00000000c0000000, 0x00000000c5580000, 0x00000000eab00000)
  object space 87552K, 14% used [0x00000000c0000000,0x00000000c0c8d960,0x00000000c5580000)
 Metaspace       used 6100K, capacity 7152K, committed 7296K, reserved 1056768K
  class space    used 586K, capacity 616K, committed 640K, reserved 1048576K
}
Event: 8.655 GC heap before
{Heap before GC invocations=4 (full 0):
 PSYoungGen      total 38400K, used 38380K [0x00000000eab00000, 0x00000000ef600000, 0x0000000100000000)
  eden space 33280K, 100% used [0x00000000eab00000,0x00000000ecb80000,0x00000000ecb80000)
  from space 5120K, 99% used [0x00000000ecb80000,0x00000000ed07b238,0x00000000ed080000)
  to   space 5120K, 0% used [0x00000000ef100000,0x00000000ef100000,0x00000000ef600000)
 ParOldGen       total 87552K, used 12854K [0x00000000c0000000, 0x00000000c5580000, 0x00000000eab00000)
  object space 87552K, 14% used [0x00000000c0000000,0x00000000c0c8d960,0x00000000c5580000)
 Metaspace       used 6130K, capacity 7152K, committed 7296K, reserved 1056768K
  class space    used 586K, capacity 616K, committed 640K, reserved 1048576K
Event: 8.720 GC heap after
Heap after GC invocations=4 (full 0):
 PSYoungGen      total 71680K, used 5117K [0x00000000eab00000, 0x00000000ef600000, 0x0000000100000000)
  eden space 66560K, 0% used [0x00000000eab00000,0x00000000eab00000,0x00000000eec00000)
  from space 5120K, 99% used [0x00000000ef100000,0x00000000ef5ff748,0x00000000ef600000)
  to   space 5120K, 0% used [0x00000000eec00000,0x00000000eec00000,0x00000000ef100000)
 ParOldGen       total 87552K, used 17616K [0x00000000c0000000, 0x00000000c5580000, 0x00000000eab00000)
  object space 87552K, 20% used [0x00000000c0000000,0x00000000c1134108,0x00000000c5580000)
 Metaspace       used 6130K, capacity 7152K, committed 7296K, reserved 1056768K
  class space    used 586K, capacity 616K, committed 640K, reserved 1048576K
}
Event: 10.667 GC heap before
{Heap before GC invocations=5 (full 0):
 PSYoungGen      total 71680K, used 71677K [0x00000000eab00000, 0x00000000ef600000, 0x0000000100000000)
  eden space 66560K, 100% used [0x00000000eab00000,0x00000000eec00000,0x00000000eec00000)
  from space 5120K, 99% used [0x00000000ef100000,0x00000000ef5ff748,0x00000000ef600000)
  to   space 5120K, 0% used [0x00000000eec00000,0x00000000eec00000,0x00000000ef100000)
 ParOldGen       total 87552K, used 17616K [0x00000000c0000000, 0x00000000c5580000, 0x00000000eab00000)
  object space 87552K, 20% used [0x00000000c0000000,0x00000000c1134108,0x00000000c5580000)
 Metaspace       used 6256K, capacity 7218K, committed 7296K, reserved 1056768K
  class space    used 606K, capacity 618K, committed 640K, reserved 1048576K
Event: 10.720 GC heap after
Heap after GC invocations=5 (full 0):
 PSYoungGen      total 71680K, used 5101K [0x00000000eab00000, 0x00000000f4d00000, 0x0000000100000000)
  eden space 66560K, 0% used [0x00000000eab00000,0x00000000eab00000,0x00000000eec00000)
  from space 5120K, 99% used [0x00000000eec00000,0x00000000ef0fb7f8,0x00000000ef100000)
  to   space 16384K, 0% used [0x00000000f3d00000,0x00000000f3d00000,0x00000000f4d00000)
 ParOldGen       total 87552K, used 29014K [0x00000000c0000000, 0x00000000c5580000, 0x00000000eab00000)
  object space 87552K, 33% used [0x00000000c0000000,0x00000000c1c558c8,0x00000000c5580000)
 Metaspace       used 6256K, capacity 7218K, committed 7296K, reserved 1056768K
  class space    used 606K, capacity 618K, committed 640K, reserved 1048576K
}
Event: 13.856 GC heap before
{Heap before GC invocations=6 (full 0):
 PSYoungGen      total 71680K, used 71661K [0x00000000eab00000, 0x00000000f4d00000, 0x0000000100000000)
  eden space 66560K, 100% used [0x00000000eab00000,0x00000000eec00000,0x00000000eec00000)
  from space 5120K, 99% used [0x00000000eec00000,0x00000000ef0fb7f8,0x00000000ef100000)
  to   space 16384K, 0% used [0x00000000f3d00000,0x00000000f3d00000,0x00000000f4d00000)
 ParOldGen       total 87552K, used 29014K [0x00000000c0000000, 0x00000000c5580000, 0x00000000eab00000)
  object space 87552K, 33% used [0x00000000c0000000,0x00000000c1c558c8,0x00000000c5580000)
 Metaspace       used 6281K, capacity 7218K, committed 7296K, reserved 1056768K
  class space    used 606K, capacity 618K, committed 640K, reserved 1048576K
Event: 13.887 GC heap after
Heap after GC invocations=6 (full 0):
 PSYoungGen      total 147968K, used 15376K [0x00000000eab00000, 0x00000000f5000000, 0x0000000100000000)
  eden space 131584K, 0% used [0x00000000eab00000,0x00000000eab00000,0x00000000f2b80000)
  from space 16384K, 93% used [0x00000000f3d00000,0x00000000f4c042e8,0x00000000f4d00000)
  to   space 17920K, 0% used [0x00000000f2b80000,0x00000000f2b80000,0x00000000f3d00000)
 ParOldGen       total 87552K, used 29014K [0x00000000c0000000, 0x00000000c5580000, 0x00000000eab00000)
  object space 87552K, 33% used [0x00000000c0000000,0x00000000c1c558c8,0x00000000c5580000)
 Metaspace       used 6281K, capacity 7218K, committed 7296K, reserved 1056768K
  class space    used 606K, capacity 618K, committed 640K, reserved 1048576K
}
Event: 19.138 GC heap before
{Heap before GC invocations=7 (full 0):
 PSYoungGen      total 147968K, used 146960K [0x00000000eab00000, 0x00000000f5000000, 0x0000000100000000)
  eden space 131584K, 100% used [0x00000000eab00000,0x00000000f2b80000,0x00000000f2b80000)
  from space 16384K, 93% used [0x00000000f3d00000,0x00000000f4c042e8,0x00000000f4d00000)
  to   space 17920K, 0% used [0x00000000f2b80000,0x00000000f2b80000,0x00000000f3d00000)
 ParOldGen       total 87552K, used 29014K [0x00000000c0000000, 0x00000000c5580000, 0x00000000eab00000)
  object space 87552K, 33% used [0x00000000c0000000,0x00000000c1c558c8,0x00000000c5580000)
 Metaspace       used 6296K, capacity 7218K, committed 7296K, reserved 1056768K
  class space    used 606K, capacity 618K, committed 640K, reserved 1048576K
Event: 19.311 GC heap after
Heap after GC invocations=7 (full 0):
 PSYoungGen      total 149504K, used 17901K [0x00000000eab00000, 0x00000000f5000000, 0x0000000100000000)
  eden space 131584K, 0% used [0x00000000eab00000,0x00000000eab00000,0x00000000f2b80000)
  from space 17920K, 99% used [0x00000000f2b80000,0x00000000f3cfb470,0x00000000f3d00000)
  to   space 16384K, 0% used [0x00000000f3d00000,0x00000000f3d00000,0x00000000f4d00000)
 ParOldGen       total 87552K, used 48883K [0x00000000c0000000, 0x00000000c5580000, 0x00000000eab00000)
  object space 87552K, 55% used [0x00000000c0000000,0x00000000c2fbcd28,0x00000000c5580000)
 Metaspace       used 6296K, capacity 7218K, committed 7296K, reserved 1056768K
  class space    used 606K, capacity 618K, committed 640K, reserved 1048576K
}

Deoptimization events (10 events):
Event: 15.847 Thread 0x0000000056945000 Uncommon trap: reason=unstable_if action=reinterpret pc=0x0000000003348ac8 method=com.android.dx.cf.code.Ropper.addOrReplaceBlock(Lcom/android/dx/rop/code/BasicBlock;Lcom/android/dx/util/IntList;)Z @ 24
Event: 16.779 Thread 0x0000000056945000 Uncommon trap: reason=unstable_if action=reinterpret pc=0x000000000325d1a8 method=com.android.dx.rop.code.BasicBlockList.preferredSuccessorOf(Lcom/android/dx/rop/code/BasicBlock;)Lcom/android/dx/rop/code/BasicBlock; @ 58
Event: 16.779 Thread 0x0000000056945000 Uncommon trap: reason=unstable_if action=reinterpret pc=0x000000000309fce4 method=com.android.dx.rop.code.BasicBlockList.preferredSuccessorOf(Lcom/android/dx/rop/code/BasicBlock;)Lcom/android/dx/rop/code/BasicBlock; @ 58
Event: 17.230 Thread 0x0000000056946000 Uncommon trap: reason=bimorphic action=maybe_recompile pc=0x0000000003457244 method=com.android.dx.ssa.back.FirstFitLocalCombiningAllocator.findNextUnreservedRopReg(IILcom/android/dx/ssa/back/FirstFitLocalCombiningAllocator$Alignment;)I @ 60
Event: 17.230 Thread 0x0000000056946000 Uncommon trap: reason=bimorphic action=maybe_recompile pc=0x0000000003457244 method=com.android.dx.ssa.back.FirstFitLocalCombiningAllocator.findNextUnreservedRopReg(IILcom/android/dx/ssa/back/FirstFitLocalCombiningAllocator$Alignment;)I @ 60
Event: 17.232 Thread 0x0000000056946000 Uncommon trap: reason=unstable_if action=reinterpret pc=0x00000000033cb504 method=com.android.dx.rop.code.Insn.contentEquals(Lcom/android/dx/rop/code/Insn;)Z @ 47
Event: 17.962 Thread 0x0000000056946000 Uncommon trap: reason=unstable_if action=reinterpret pc=0x00000000030970c8 method=com.android.dx.cf.code.BaseMachine.popArgs(Lcom/android/dx/cf/code/Frame;I)V @ 15
Event: 22.816 Thread 0x0000000056942800 Uncommon trap: reason=bimorphic action=maybe_recompile pc=0x0000000003492e84 method=com.android.dx.cf.code.BytecodeArray.parseInstruction(ILcom/android/dx/cf/code/BytecodeArray$Visitor;)I @ 1549
Event: 22.816 Thread 0x0000000056942800 Uncommon trap: reason=bimorphic action=maybe_recompile pc=0x0000000003492e84 method=com.android.dx.cf.code.BytecodeArray.parseInstruction(ILcom/android/dx/cf/code/BytecodeArray$Visitor;)I @ 1549
Event: 23.205 Thread 0x0000000056946800 Uncommon trap: reason=class_check action=maybe_recompile pc=0x00000000032013c4 method=com.android.dx.ssa.back.FirstFitLocalCombiningAllocator.findNextUnreservedRopReg(IILcom/android/dx/ssa/back/FirstFitLocalCombiningAllocator$Alignment;)I @ 60

Internal exceptions (5 events):
Event: 0.624 Thread 0x0000000002448800 Exception <a 'java/lang/NoSuchMethodError': Method sun.misc.Unsafe.defineClass(Ljava/lang/String;[BII)Ljava/lang/Class; name or signature does not match> (0x00000000eab13098) thrown at [C:\re\workspace\8-2-build-windows-amd64-cygwin\jdk8u60\4407\hotspot\sr¥Ä^ë„˘„?
Event: 0.624 Thread 0x0000000002448800 Exception <a 'java/lang/NoSuchMethodError': Method sun.misc.Unsafe.prefetchRead(Ljava/lang/Object;J)V name or signature does not match> (0x00000000eab13380) thrown at [C:\re\workspace\8-2-build-windows-amd64-cygwin\jdk8u60\4407\hotspot\src\share\vm\prims\jy—Œx~#@
Event: 9.544 Thread 0x0000000056946800 Exception <a 'java/lang/ArrayIndexOutOfBoundsException': 18> (0x00000000ec1c7720) thrown at [C:\re\workspace\8-2-build-windows-amd64-cygwin\jdk8u60\4407\hotspot\src\share\vm\interpreter\interpreterRuntime.cpp, line 366]
Event: 9.544 Thread 0x0000000056946800 Exception <a 'java/lang/ArrayIndexOutOfBoundsException': 145> (0x00000000ec1c92a0) thrown at [C:\re\workspace\8-2-build-windows-amd64-cygwin\jdk8u60\4407\hotspot\src\share\vm\interpreter\interpreterRuntime.cpp, line 366]
Event: 9.545 Thread 0x0000000056946800 Exception <a 'java/lang/ArrayIndexOutOfBoundsException'> (0x00000000ec1ca588) thrown at [C:\re\workspace\8-2-build-windows-amd64-cygwin\jdk8u60\4407\hotspot\src\share\vm\runtime\sharedRuntime.cpp, line 605]

Events (10 events):
Event: 23.720 Thread 0x0000000056627000 flushing nmethod 0x0000000002ac7f90
Event: 23.720 Thread 0x0000000056627000 flushing nmethod 0x0000000002ac9690
Event: 23.720 Thread 0x0000000056627000 flushing nmethod 0x0000000002aca050
Event: 23.720 Thread 0x0000000056627000 flushing nmethod 0x0000000002acbc10
Event: 23.720 Thread 0x0000000056627000 flushing nmethod 0x0000000002ace950
Event: 23.720 Thread 0x0000000056627000 flushing nmethod 0x0000000002ad0b90
Event: 23.720 Thread 0x0000000056627000 flushing nmethod 0x0000000002ad16d0
Event: 23.720 Thread 0x0000000056627000 flushing nmethod 0x0000000002ad3b90
Event: 23.720 Thread 0x0000000056627000 flushing nmethod 0x0000000002ade1d0
Event: 23.720 Thread 0x0000000056627000 flushing nmethod 0x0000000002ade550


Dynamic libraries:
0x000000013f530000 - 0x000000013f567000 	D:\Program Files\Java\jdk1.8.0_60\bin\java.exe
0x0000000077970000 - 0x0000000077b1a000 	C:\windows\SYSTEM32\ntdll.dll
0x0000000077750000 - 0x000000007786f000 	C:\windows\system32\kernel32.dll
0x000007fefd750000 - 0x000007fefd7ba000 	C:\windows\system32\KERNELBASE.dll
0x000007fefe730000 - 0x000007fefe80b000 	C:\windows\system32\ADVAPI32.dll
0x000007fefe530000 - 0x000007fefe5cf000 	C:\windows\system32\msvcrt.dll
0x000007fefdd80000 - 0x000007fefdd9f000 	C:\windows\SYSTEM32\sechost.dll
0x000007fefdba0000 - 0x000007fefdccd000 	C:\windows\system32\RPCRT4.dll
0x0000000077870000 - 0x000000007796a000 	C:\windows\system32\USER32.dll
0x000007fefe6c0000 - 0x000007fefe727000 	C:\windows\system32\GDI32.dll
0x000007feffa70000 - 0x000007feffa7e000 	C:\windows\system32\LPK.dll
0x000007feff9a0000 - 0x000007feffa6b000 	C:\windows\system32\USP10.dll
0x000007fefc690000 - 0x000007fefc884000 	C:\windows\WinSxS\amd64_microsoft.windows.common-controls_6595b64144ccf1df_6.0.7601.18837_none_fa3b1e3d17594757\COMCTL32.dll
0x000007fefdda0000 - 0x000007fefde11000 	C:\windows\system32\SHLWAPI.dll
0x000007fefdd50000 - 0x000007fefdd7e000 	C:\windows\system32\IMM32.DLL
0x000007feff870000 - 0x000007feff979000 	C:\windows\system32\MSCTF.dll
0x000007fefd590000 - 0x000007fefd5c1000 	C:\windows\system32\nvinitx.dll
0x000007fefd580000 - 0x000007fefd58c000 	C:\windows\system32\VERSION.dll
0x0000000075190000 - 0x0000000075196000 	C:\Program Files\NVIDIA Corporation\CoProcManager\detoured.dll
0x000007fefa3f0000 - 0x000007fefa422000 	C:\Program Files\NVIDIA Corporation\CoProcManager\nvd3d9wrapx.dll
0x000007fefde90000 - 0x000007fefe067000 	C:\windows\system32\SETUPAPI.dll
0x000007fefd7c0000 - 0x000007fefd7f6000 	C:\windows\system32\CFGMGR32.dll
0x000007fefdac0000 - 0x000007fefdb9a000 	C:\windows\system32\OLEAUT32.dll
0x000007feffa80000 - 0x000007feffc7c000 	C:\windows\system32\ole32.dll
0x000007fefd680000 - 0x000007fefd69a000 	C:\windows\system32\DEVOBJ.dll
0x000007fefa3c0000 - 0x000007fefa3e2000 	C:\Program Files\NVIDIA Corporation\CoProcManager\nvdxgiwrapx.dll
0x0000000078900000 - 0x00000000789d2000 	D:\Program Files\Java\jdk1.8.0_60\jre\bin\msvcr100.dll
0x0000000070000000 - 0x0000000070889000 	D:\Program Files\Java\jdk1.8.0_60\jre\bin\server\jvm.dll
0x000007feedc60000 - 0x000007feedc69000 	C:\windows\system32\WSOCK32.dll
0x000007fefe670000 - 0x000007fefe6bd000 	C:\windows\system32\WS2_32.dll
0x000007fefde80000 - 0x000007fefde88000 	C:\windows\system32\NSI.dll
0x000007fefb110000 - 0x000007fefb14b000 	C:\windows\system32\WINMM.dll
0x0000000077b40000 - 0x0000000077b47000 	C:\windows\system32\PSAPI.DLL
0x000000005f820000 - 0x000000005f82f000 	D:\Program Files\Java\jdk1.8.0_60\jre\bin\verify.dll
0x000000005a710000 - 0x000000005a739000 	D:\Program Files\Java\jdk1.8.0_60\jre\bin\java.dll
0x000000005e430000 - 0x000000005e446000 	D:\Program Files\Java\jdk1.8.0_60\jre\bin\zip.dll
0x000007fefeae0000 - 0x000007feff86a000 	C:\windows\system32\SHELL32.dll
0x000007fefd660000 - 0x000007fefd66f000 	C:\windows\system32\profapi.dll

VM Arguments:
jvm_args: -Djava.awt.headless=true -Xmx1024M -Dfile.encoding=GBK -Duser.country=CN -Duser.language=zh -Duser.variant 
java_command: com.android.dx.command.Main --dex --num-threads=4 --output F:\app\react-native-example-jdh\android\app\build\intermediates\pre-dexed\debug\com.facebook.react-react-native-0.50.1_ccee99903b70f37a8193b76000fb959f7d82f83f.jar F:\app\react-native-example-jdh\android\app\build\intermediates\exploded-aar\com.facebook.react\react-native\0.50.1\jars\classes.jar
java_class_path (initial): D:\Android\sdk\build-tools\23.0.1\lib\dx.jar
Launcher Type: SUN_STANDARD

Environment Variables:
JAVA_HOME=D:\Program Files\Java\jdk1.8.0_60
CLASSPATH=F:\app\react-native-example-jdh\android\\gradle\wrapper\gradle-wrapper.jar
PATH=D:\Program Files\cmder\bin;D:\Program Files\cmder\vendor\conemu-maximus5\ConEmu\Scripts;D:\Program Files\cmder\vendor\conemu-maximus5;D:\Program Files\cmder\vendor\conemu-maximus5\ConEmu;C:\PROGRAMDATA\ORACLE\JAVA\JAVAPATH;C:\PROGRAM FILES\BROADCOM\BROADCOM 802.11 NETWORK ADAPTER\DRIVER;C:\WINDOWS\SYSTEM32;C:\WINDOWS;C:\WINDOWS\SYSTEM32\WBEM;C:\WINDOWS\SYSTEM32\WINDOWSPOWERSHELL\V1.0\;;D:\PROGRAM FILES\JAVA\JDK1.8.0_60\BIN;D:\PROGRAM FILES\JAVA\JDK1.8.0_60\JRE\BIN;D:\ANDROID\SDK\TOOLS;D:\ANDROID\SDK\PLATFORM-TOOLS;D:\PROGRAM FILES\ADT\ECLIPSE\PLUGINS\ORG.APACHE.ANT_1.8.4.V201303080030\BIN;D:\PROGRAM FILES\ADT\APACHEANT\BIN;D:\PROGRAM FILES\ADT\APACHEANT\LIB;C:\USERS\XIAOSONG\APPDATA\ROAMING\NPM;C:\PROGRAM FILES (X86)\NVIDIA CORPORATION\PHYSX\COMMON; D:\Android\sdk\TOOLS;D:\PROGRAM FILES\NODEJS\;C:\PROGRAM FILES\DOTNET\;D:\PROGRAM FILES\MONGODB\SERVER\3.4\BIN;D:\PROGRAM FILES\TORTOISEGIT\BIN;D:\PROGRAM FILES\GIT\CMD;D:\PROGRAM FILES\BRACKETS\COMMAND;C:\Program Files\WIDCOMM\Bluetooth Software\;C:\Program Files\WIDCOMM\Bluetooth Software\syswow64;C:\Users\xiaosong\AppData\Roaming\npm;D:\Program Files\Microsoft VS Code\bin;C:\Users\xiaosong\AppData\Local\atom\bin;D:\Program Files\Git\usr\bin;D:\Program Files\Git\usr\share\vim\vim74;D:\Program Files\cmder\
USERNAME=xiaosong
OS=Windows_NT
PROCESSOR_IDENTIFIER=Intel64 Family 6 Model 60 Stepping 3, GenuineIntel



---------------  S Y S T E M  ---------------

OS: Windows 7 , 64 bit Build 7601 (6.1.7601.23915)

CPU:total 4 (2 cores per cpu, 2 threads per core) family 6 model 60 stepping 3, cmov, cx8, fxsr, mmx, sse, sse2, sse3, ssse3, sse4.1, sse4.2, popcnt, avx, avx2, aes, clmul, erms, lzcnt, ht, tsc, tscinvbit, bmi1, bmi2

Memory: 4k page, physical 8268820k(1351188k free), swap 8266960k(4808k free)

vm_info: Java HotSpot(TM) 64-Bit Server VM (25.60-b23) for windows-amd64 JRE (1.8.0_60-b27), built on Aug  4 2015 11:06:27 by "java_re" with MS VC++ 10.0 (VS2010)

time: Mon Nov 06 21:35:29 2017
elapsed time: 24 seconds (0d 0h 0m 24s)

