#
# There is insufficient memory for the Java Runtime Environment to continue.
# Native memory allocation (malloc) failed to allocate 91856 bytes for Chunk::new
# Possible reasons:
#   The system is out of physical RAM or swap space
#   In 32 bit mode, the process size limit was hit
# Possible solutions:
#   Reduce memory load on the system
#   Increase physical memory or swap space
#   Check if swap backing store is full
#   Use 64 bit Java on a 64 bit OS
#   Decrease Java heap size (-Xmx/-Xms)
#   Decrease number of Java threads
#   Decrease Java thread stack sizes (-Xss)
#   Set larger code cache with -XX:ReservedCodeCacheSize=
# This output file may be truncated or incomplete.
#
#  Out of Memory Error (allocation.cpp:390), pid=9628, tid=6676
#
# JRE version: Java(TM) SE Runtime Environment (8.0_60-b27) (build 1.8.0_60-b27)
# Java VM: Java HotSpot(TM) 64-Bit Server VM (25.60-b23 mixed mode windows-amd64 compressed oops)
# Failed to write core dump. Minidumps are not enabled by default on client versions of Windows
#

---------------  T H R E A D  ---------------

Current thread (0x0000000016de9800):  JavaThread "C2 CompilerThread1" daemon [_thread_in_native, id=6676, stack(0x00000000177c0000,0x00000000178c0000)]

Stack: [0x00000000177c0000,0x00000000178c0000]
[error occurred during error reporting (printing stack bounds), id 0xc0000005]

Native frames: (J=compiled Java code, j=interpreted, Vv=VM code, C=native code)


Current CompileTask:
C2:   2801  903   !   4       com.android.dx.rop.code.RegisterSpec::intern (70 bytes)


---------------  P R O C E S S  ---------------

Java Threads: ( => current thread )
  0x000000001710e800 JavaThread "pool-1-thread-4" [_thread_in_Java, id=8960, stack(0x0000000017f60000,0x0000000018060000)]
  0x000000001710d800 JavaThread "pool-1-thread-3" [_thread_in_Java, id=8900, stack(0x0000000018320000,0x0000000018420000)]
  0x000000001710b000 JavaThread "pool-1-thread-2" [_thread_in_Java, id=8356, stack(0x00000000180e0000,0x00000000181e0000)]
  0x000000001710a800 JavaThread "pool-2-thread-1" [_thread_blocked, id=9052, stack(0x0000000017ae0000,0x0000000017be0000)]
  0x0000000017109800 JavaThread "pool-1-thread-1" [_thread_blocked, id=7548, stack(0x0000000017e60000,0x0000000017f60000)]
  0x0000000016e79000 JavaThread "Service Thread" daemon [_thread_blocked, id=9344, stack(0x00000000176b0000,0x00000000177b0000)]
  0x0000000016dea800 JavaThread "C1 CompilerThread2" daemon [_thread_blocked, id=8680, stack(0x00000000179b0000,0x0000000017ab0000)]
=>0x0000000016de9800 JavaThread "C2 CompilerThread1" daemon [_thread_in_native, id=6676, stack(0x00000000177c0000,0x00000000178c0000)]
  0x0000000015b0f000 JavaThread "C2 CompilerThread0" daemon [_thread_in_native, id=10204, stack(0x0000000017520000,0x0000000017620000)]
  0x0000000015b0d800 JavaThread "Attach Listener" daemon [_thread_blocked, id=7300, stack(0x0000000017210000,0x0000000017310000)]
  0x0000000015b02000 JavaThread "Signal Dispatcher" daemon [_thread_blocked, id=1440, stack(0x0000000017310000,0x0000000017410000)]
  0x0000000015aa2800 JavaThread "Finalizer" daemon [_thread_blocked, id=7660, stack(0x0000000016cd0000,0x0000000016dd0000)]
  0x0000000015aa1800 JavaThread "Reference Handler" daemon [_thread_blocked, id=9652, stack(0x0000000016a90000,0x0000000016b90000)]
  0x0000000002558800 JavaThread "main" [_thread_in_vm, id=10384, stack(0x0000000003160000,0x0000000003260000)]

Other Threads:
  0x0000000015a9c000 VMThread [stack: 0x0000000016bc0000,0x0000000016cc0000] [id=8500]
  0x0000000016dfc000 WatcherThread [stack: 0x0000000017c70000,0x0000000017d70000] [id=1332]

VM state:not at safepoint (normal execution)

VM Mutex/Monitor currently owned by a thread: None

Heap:
 PSYoungGen      total 38400K, used 23308K [0x00000000eab00000, 0x00000000ed580000, 0x0000000100000000)
  eden space 33280K, 70% used [0x00000000eab00000,0x00000000ec1c33d0,0x00000000ecb80000)
  from space 5120K, 0% used [0x00000000ed080000,0x00000000ed080000,0x00000000ed580000)
  to   space 5120K, 0% used [0x00000000ecb80000,0x00000000ecb80000,0x00000000ed080000)
 ParOldGen       total 87552K, used 0K [0x00000000c0000000, 0x00000000c5580000, 0x00000000eab00000)
  object space 87552K, 0% used [0x00000000c0000000,0x00000000c0000000,0x00000000c5580000)
 Metaspace       used 5661K, capacity 6768K, committed 7040K, reserved 1056768K
  class space    used 583K, capacity 616K, committed 640K, reserved 1048576K

Card table byte_map: [0x0000000012620000,0x0000000012830000] byte_map_base: 0x0000000012020000

Marking Bits: (ParMarkBitMap*) 0x0000000002e2a5b0
 Begin Bits: [0x0000000012f10000, 0x0000000013f10000)
 End Bits:   [0x0000000013f10000, 0x0000000014f10000)

Polling page: 0x0000000000230000

CodeCache: size=245760Kb used=3582Kb max_used=3595Kb free=242177Kb
 bounds [0x0000000003260000, 0x00000000035f0000, 0x0000000012260000]
 total_blobs=1160 nmethods=895 adapters=178
 compilation: enabled

Compilation events (10 events):
Event: 2.781 Thread 0x0000000016de9800 nmethod 858 0x00000000035e0a10 code [0x00000000035e0ca0, 0x00000000035e1590]
Event: 2.781 Thread 0x0000000016de9800  867  s    4       java.util.Stack::pop (19 bytes)
Event: 2.784 Thread 0x0000000016de9800 nmethod 867 0x00000000035e37d0 code [0x00000000035e3920, 0x00000000035e3bf8]
Event: 2.784 Thread 0x0000000016de9800  906       4       com.android.dx.ssa.NormalSsaInsn::getLocalAssignment (54 bytes)
Event: 2.786 Thread 0x0000000016de9800 nmethod 906 0x00000000035dd6d0 code [0x00000000035dd820, 0x00000000035dd918]
Event: 2.786 Thread 0x0000000016de9800  903   !   4       com.android.dx.rop.code.RegisterSpec::intern (70 bytes)
Event: 2.789 Thread 0x0000000015b0f000 nmethod 894 0x00000000035e2150 code [0x00000000035e22e0, 0x00000000035e2c78]
Event: 2.789 Thread 0x0000000015b0f000  924       4       java.util.BitSet::recalculateWordsInUse (39 bytes)
Event: 2.790 Thread 0x0000000015b0f000 nmethod 924 0x00000000035aed50 code [0x00000000035aee80, 0x00000000035aef18]
Event: 2.790 Thread 0x0000000015b0f000  925       4       com.android.dx.ssa.SsaMethod::getDefinitionForRegister (61 bytes)

GC Heap History (0 events):
No events

Deoptimization events (2 events):
Event: 2.328 Thread 0x000000001710d800 Uncommon trap: reason=unstable_if action=reinterpret pc=0x0000000003465630 method=java.util.HashMap.getNode(ILjava/lang/Object;)Ljava/util/HashMap$Node; @ 129
Event: 2.603 Thread 0x000000001710b000 Uncommon trap: reason=unstable_if action=reinterpret pc=0x000000000343e020 method=java.util.BitSet.nextSetBit(I)I @ 87

Internal exceptions (2 events):
Event: 0.090 Thread 0x0000000002558800 Exception <a 'java/lang/NoSuchMethodError': Method sun.misc.Unsafe.defineClass(Ljava/lang/String;[BII)Ljava/lang/Class; name or signature does not match> (0x00000000eab13098) thrown at [C:\re\workspace\8-2-build-windows-amd64-cygwin\jdk8u60\4407\hotspot\srR¢ÅÑû.·?
Event: 0.091 Thread 0x0000000002558800 Exception <a 'java/lang/NoSuchMethodError': Method sun.misc.Unsafe.prefetchRead(Ljava/lang/Object;J)V name or signature does not match> (0x00000000eab13380) thrown at [C:\re\workspace\8-2-build-windows-amd64-cygwin\jdk8u60\4407\hotspot\src\share\vm\prims\j

Events (10 events):
Event: 2.765 loading class com/android/dx/cf/code/BytecodeArray$ConstantParserVisitor
Event: 2.765 loading class com/android/dx/cf/code/BytecodeArray$ConstantParserVisitor done
Event: 2.784 loading class com/android/dx/dex/file/ParameterAnnotationStruct
Event: 2.784 loading class com/android/dx/dex/file/ParameterAnnotationStruct done
Event: 2.784 loading class com/android/dx/dex/file/UniformListItem
Event: 2.784 loading class com/android/dx/dex/file/UniformListItem done
Event: 2.785 loading class com/android/dx/dex/file/AnnotationSetRefItem
Event: 2.785 loading class com/android/dx/dex/file/AnnotationSetRefItem done
Event: 2.794 loading class com/android/dx/cf/code/SwitchList
Event: 2.794 loading class com/android/dx/cf/code/SwitchList done


Dynamic libraries:
0x000000013f920000 - 0x000000013f957000 	D:\Program Files\Java\jdk1.8.0_60\bin\java.exe
0x0000000077690000 - 0x000000007783a000 	C:\windows\SYSTEM32\ntdll.dll
0x0000000077570000 - 0x000000007768f000 	C:\windows\system32\kernel32.dll
0x000007fefd470000 - 0x000007fefd4da000 	C:\windows\system32\KERNELBASE.dll
0x000007feff8c0000 - 0x000007feff99b000 	C:\windows\system32\ADVAPI32.dll
0x000007fefdbe0000 - 0x000007fefdc7f000 	C:\windows\system32\msvcrt.dll
0x000007fefde90000 - 0x000007fefdeaf000 	C:\windows\SYSTEM32\sechost.dll
0x000007fefdc80000 - 0x000007fefddad000 	C:\windows\system32\RPCRT4.dll
0x0000000077470000 - 0x000000007756a000 	C:\windows\system32\USER32.dll
0x000007fefefc0000 - 0x000007feff027000 	C:\windows\system32\GDI32.dll
0x000007feff320000 - 0x000007feff32e000 	C:\windows\system32\LPK.dll
0x000007feff330000 - 0x000007feff3fb000 	C:\windows\system32\USP10.dll
0x000007fefc3b0000 - 0x000007fefc5a4000 	C:\windows\WinSxS\amd64_microsoft.windows.common-controls_6595b64144ccf1df_6.0.7601.18837_none_fa3b1e3d17594757\COMCTL32.dll
0x000007fefec40000 - 0x000007fefecb1000 	C:\windows\system32\SHLWAPI.dll
0x000007fefecc0000 - 0x000007fefecee000 	C:\windows\system32\IMM32.DLL
0x000007fefda10000 - 0x000007fefdb19000 	C:\windows\system32\MSCTF.dll
0x000007fefd2b0000 - 0x000007fefd2e1000 	C:\windows\system32\nvinitx.dll
0x000007fefd2a0000 - 0x000007fefd2ac000 	C:\windows\system32\VERSION.dll
0x0000000074eb0000 - 0x0000000074eb6000 	C:\Program Files\NVIDIA Corporation\CoProcManager\detoured.dll
0x000007fefa900000 - 0x000007fefa932000 	C:\Program Files\NVIDIA Corporation\CoProcManager\nvd3d9wrapx.dll
0x000007fefd790000 - 0x000007fefd967000 	C:\windows\system32\SETUPAPI.dll
0x000007fefd590000 - 0x000007fefd5c6000 	C:\windows\system32\CFGMGR32.dll
0x000007fefddb0000 - 0x000007fefde8a000 	C:\windows\system32\OLEAUT32.dll
0x000007feff0c0000 - 0x000007feff2bc000 	C:\windows\system32\ole32.dll
0x000007fefd3a0000 - 0x000007fefd3ba000 	C:\windows\system32\DEVOBJ.dll
0x000007fefa8d0000 - 0x000007fefa8f2000 	C:\Program Files\NVIDIA Corporation\CoProcManager\nvdxgiwrapx.dll
0x0000000053d00000 - 0x0000000053dd2000 	D:\Program Files\Java\jdk1.8.0_60\jre\bin\msvcr100.dll
0x0000000002620000 - 0x0000000002ea9000 	D:\Program Files\Java\jdk1.8.0_60\jre\bin\server\jvm.dll
0x000007fefa7d0000 - 0x000007fefa7d9000 	C:\windows\system32\WSOCK32.dll
0x000007fefd740000 - 0x000007fefd78d000 	C:\windows\system32\WS2_32.dll
0x000007feff0b0000 - 0x000007feff0b8000 	C:\windows\system32\NSI.dll
0x000007fefbab0000 - 0x000007fefbaeb000 	C:\windows\system32\WINMM.dll
0x0000000077860000 - 0x0000000077867000 	C:\windows\system32\PSAPI.DLL
0x0000000073060000 - 0x000000007306f000 	D:\Program Files\Java\jdk1.8.0_60\jre\bin\verify.dll
0x00000000599f0000 - 0x0000000059a19000 	D:\Program Files\Java\jdk1.8.0_60\jre\bin\java.dll
0x0000000073000000 - 0x0000000073016000 	D:\Program Files\Java\jdk1.8.0_60\jre\bin\zip.dll
0x000007fefdeb0000 - 0x000007fefec3b000 	C:\windows\system32\SHELL32.dll
0x000007fefd380000 - 0x000007fefd38f000 	C:\windows\system32\profapi.dll

VM Arguments:
jvm_args: -Djava.awt.headless=true -Xmx1024M -Dfile.encoding=GBK -Duser.country=CN -Duser.language=zh -Duser.variant 
java_command: com.android.dx.command.Main --dex --num-threads=4 --output F:\app\react-native-example-jdh\android\app\build\intermediates\pre-dexed\release\com.facebook.react-react-native-0.47.2_9a77f8277e0c198258e4a5f0ae7c8a7326969d08.jar F:\app\react-native-example-jdh\android\app\build\intermediates\exploded-aar\com.facebook.react\react-native\0.47.2\jars\classes.jar
java_class_path (initial): D:\Android\sdk\build-tools\23.0.1\lib\dx.jar
Launcher Type: SUN_STANDARD

Environment Variables:
JAVA_HOME=D:\Program Files\Java\jdk1.8.0_60
CLASSPATH=F:\app\react-native-example-jdh\android\\gradle\wrapper\gradle-wrapper.jar
PATH=D:\Program Files\cmder\bin;D:\Program Files\cmder\vendor\conemu-maximus5\ConEmu\Scripts;D:\Program Files\cmder\vendor\conemu-maximus5;D:\Program Files\cmder\vendor\conemu-maximus5\ConEmu;C:\ProgramData\Oracle\Java\javapath;C:\Program Files\Broadcom\Broadcom 802.11 Network Adapter\Driver;C:\windows\system32;C:\windows;C:\windows\System32\Wbem;C:\windows\System32\WindowsPowerShell\v1.0\;C:\Program Files\WIDCOMM\Bluetooth Software\;C:\Program Files\WIDCOMM\Bluetooth Software\syswow64;D:\Program Files\Java\jdk1.8.0_60\bin;D:\Program Files\Java\jdk1.8.0_60\jre\bin;D:\Android\sdk\tools;D:\Android\sdk\platform-tools;D:\Program Files\ADT\eclipse\plugins\org.apache.ant_1.8.4.v201303080030\bin;D:\Program Files\ADT\apacheANT\bin;D:\Program Files\ADT\apacheANT\lib;C:\Users\xiaosong\AppData\Roaming\npm;C:\Program Files (x86)\NVIDIA Corporation\PhysX\Common; D:\Android\sdk\tools;D:\Program Files\nodejs\;C:\Program Files\dotnet\;D:\Program Files\MongoDB\Server\3.4\bin;D:\Program Files\TortoiseGit\bin;D:\Program Files\Git\cmd;D:\Program Files\Brackets\command;C:\Users\xiaosong\AppData\Roaming\npm;D:\Program Files\Microsoft VS Code\bin;C:\Users\xiaosong\AppData\Local\atom\bin;D:\Program Files\Git\usr\bin;D:\Program Files\Git\usr\share\vim\vim74;D:\Program Files\cmder\
USERNAME=xiaosong
OS=Windows_NT
PROCESSOR_IDENTIFIER=Intel64 Family 6 Model 60 Stepping 3, GenuineIntel



---------------  S Y S T E M  ---------------

OS: Windows 7 , 64 bit Build 7601 (6.1.7601.23864)

CPU:total 4 (2 cores per cpu, 2 threads per core) family 6 model 60 stepping 3, cmov, cx8, fxsr, mmx, sse, sse2, sse3, ssse3, sse4.1, sse4.2, popcnt, avx, avx2, aes, clmul, erms, lzcnt, ht, tsc, tscinvbit, bmi1, bmi2

Memory: 4k page, physical 8268820k(1122968k free), swap 8266960k(5172k free)

vm_info: Java HotSpot(TM) 64-Bit Server VM (25.60-b23) for windows-amd64 JRE (1.8.0_60-b27), built on Aug  4 2015 11:06:27 by "java_re" with MS VC++ 10.0 (VS2010)

time: Sat Aug 26 17:29:52 2017
elapsed time: 2 seconds (0d 0h 0m 2s)

