#
# There is insufficient memory for the Java Runtime Environment to continue.
# Native memory allocation (malloc) failed to allocate 32744 bytes for ChunkPool::allocate
# Possible reasons:
#   The system is out of physical RAM or swap space
#   In 32 bit mode, the process size limit was hit
# Possible solutions:
#   Reduce memory load on the system
#   Increase physical memory or swap space
#   Check if swap backing store is full
#   Use 64 bit Java on a 64 bit OS
#   Decrease Java heap size (-Xmx/-Xms)
#   Decrease number of Java threads
#   Decrease Java thread stack sizes (-Xss)
#   Set larger code cache with -XX:ReservedCodeCacheSize=
# This output file may be truncated or incomplete.
#
#  Out of Memory Error (allocation.cpp:273), pid=9324, tid=8316
#
# JRE version: Java(TM) SE Runtime Environment (8.0_60-b27) (build 1.8.0_60-b27)
# Java VM: Java HotSpot(TM) 64-Bit Server VM (25.60-b23 mixed mode windows-amd64 compressed oops)
# Failed to write core dump. Minidumps are not enabled by default on client versions of Windows
#

---------------  T H R E A D  ---------------

Current thread (0x0000000016669000):  JavaThread "C2 CompilerThread1" daemon [_thread_in_native, id=8316, stack(0x0000000016dc0000,0x0000000016ec0000)]

Stack: [0x0000000016dc0000,0x0000000016ec0000]
[error occurred during error reporting (printing stack bounds), id 0xc0000005]

Native frames: (J=compiled Java code, j=interpreted, Vv=VM code, C=native code)


Current CompileTask:
C2:   5540 1616 %     4       com.android.dx.ssa.SsaConverter::placePhiFunctions @ 103 (394 bytes)


---------------  P R O C E S S  ---------------

Java Threads: ( => current thread )
  0x000000001696a000 JavaThread "pool-1-thread-4" [_thread_blocked, id=3756, stack(0x0000000017830000,0x0000000017930000)]
  0x000000001695f000 JavaThread "pool-1-thread-3" [_thread_blocked, id=7768, stack(0x00000000174d0000,0x00000000175d0000)]
  0x000000001694e800 JavaThread "pool-1-thread-2" [_thread_blocked, id=11060, stack(0x0000000017610000,0x0000000017710000)]
  0x0000000016948000 JavaThread "pool-2-thread-1" [_thread_blocked, id=600, stack(0x0000000017380000,0x0000000017480000)]
  0x0000000016947800 JavaThread "pool-1-thread-1" [_thread_blocked, id=10904, stack(0x0000000017080000,0x0000000017180000)]
  0x00000000166b1000 JavaThread "Service Thread" daemon [_thread_blocked, id=8868, stack(0x0000000016cb0000,0x0000000016db0000)]
  0x000000001666b000 JavaThread "C1 CompilerThread2" daemon [_thread_blocked, id=7724, stack(0x0000000016f60000,0x0000000017060000)]
=>0x0000000016669000 JavaThread "C2 CompilerThread1" daemon [_thread_in_native, id=8316, stack(0x0000000016dc0000,0x0000000016ec0000)]
  0x0000000014fff000 JavaThread "C2 CompilerThread0" daemon [_thread_in_native, id=8856, stack(0x0000000016b90000,0x0000000016c90000)]
  0x0000000014ffd800 JavaThread "Attach Listener" daemon [_thread_blocked, id=7900, stack(0x0000000016a00000,0x0000000016b00000)]
  0x0000000014ff1000 JavaThread "Signal Dispatcher" daemon [_thread_blocked, id=7820, stack(0x0000000016180000,0x0000000016280000)]
  0x0000000014f93000 JavaThread "Finalizer" daemon [_thread_blocked, id=8320, stack(0x0000000016500000,0x0000000016600000)]
  0x0000000014f91800 JavaThread "Reference Handler" daemon [_thread_blocked, id=7528, stack(0x00000000162d0000,0x00000000163d0000)]
  0x0000000002368800 JavaThread "main" [_thread_in_native, id=9744, stack(0x0000000002500000,0x0000000002600000)]

Other Threads:
  0x0000000014f8c000 VMThread [stack: 0x0000000016050000,0x0000000016150000] [id=4440]
  0x00000000166b8800 WatcherThread [stack: 0x00000000171c0000,0x00000000172c0000] [id=11244]

VM state:not at safepoint (normal execution)

VM Mutex/Monitor currently owned by a thread: None

Heap:
 PSYoungGen      total 71680K, used 10876K [0x00000000eab00000, 0x00000000ef600000, 0x0000000100000000)
  eden space 66560K, 8% used [0x00000000eab00000,0x00000000eb0a2588,0x00000000eec00000)
  from space 5120K, 99% used [0x00000000ef100000,0x00000000ef5fcab8,0x00000000ef600000)
  to   space 5120K, 0% used [0x00000000eec00000,0x00000000eec00000,0x00000000ef100000)
 ParOldGen       total 87552K, used 6490K [0x00000000c0000000, 0x00000000c5580000, 0x00000000eab00000)
  object space 87552K, 7% used [0x00000000c0000000,0x00000000c0656ad8,0x00000000c5580000)
 Metaspace       used 6037K, capacity 7088K, committed 7296K, reserved 1056768K
  class space    used 584K, capacity 616K, committed 640K, reserved 1048576K

Card table byte_map: [0x0000000011ac0000,0x0000000011cd0000] byte_map_base: 0x00000000114c0000

Marking Bits: (ParMarkBitMap*) 0x0000000070b1a5b0
 Begin Bits: [0x0000000012400000, 0x0000000013400000)
 End Bits:   [0x0000000013400000, 0x0000000014400000)

Polling page: 0x00000000005c0000

CodeCache: size=245760Kb used=7176Kb max_used=7192Kb free=238583Kb
 bounds [0x0000000002700000, 0x0000000002e10000, 0x0000000011700000]
 total_blobs=1905 nmethods=1640 adapters=178
 compilation: enabled

Compilation events (10 events):
Event: 5.493 Thread 0x000000001666b000 1641       3       com.android.dx.cf.iface.StdMember::getName (8 bytes)
Event: 5.493 Thread 0x000000001666b000 nmethod 1641 0x0000000002e03e10 code [0x0000000002e03f60, 0x0000000002e04150]
Event: 5.493 Thread 0x000000001666b000 1642       3       com.android.dx.dex.cf.OptimizerOptions::shouldOptimize (38 bytes)
Event: 5.494 Thread 0x000000001666b000 nmethod 1642 0x0000000002e05710 code [0x0000000002e058c0, 0x0000000002e05d78]
Event: 5.494 Thread 0x000000001666b000 1643       3       com.android.dx.ssa.Optimizer::optimize (16 bytes)
Event: 5.494 Thread 0x000000001666b000 nmethod 1643 0x0000000002e08950 code [0x0000000002e08ae0, 0x0000000002e08dc8]
Event: 5.494 Thread 0x000000001666b000 1644       3       com.android.dx.rop.code.LocalVariableExtractor::extract (14 bytes)
Event: 5.494 Thread 0x000000001666b000 nmethod 1644 0x0000000002e08f90 code [0x0000000002e09100, 0x0000000002e092f8]
Event: 5.495 Thread 0x0000000016669000 nmethod 1610 0x0000000002e093d0 code [0x0000000002e095e0, 0x0000000002e0a840]
Event: 5.495 Thread 0x0000000016669000 1616 %     4       com.android.dx.ssa.SsaConverter::placePhiFunctions @ 103 (394 bytes)

GC Heap History (4 events):
Event: 2.827 GC heap before
{Heap before GC invocations=1 (full 0):
 PSYoungGen      total 38400K, used 33280K [0x00000000eab00000, 0x00000000ed580000, 0x0000000100000000)
  eden space 33280K, 100% used [0x00000000eab00000,0x00000000ecb80000,0x00000000ecb80000)
  from space 5120K, 0% used [0x00000000ed080000,0x00000000ed080000,0x00000000ed580000)
  to   space 5120K, 0% used [0x00000000ecb80000,0x00000000ecb80000,0x00000000ed080000)
 ParOldGen       total 87552K, used 0K [0x00000000c0000000, 0x00000000c5580000, 0x00000000eab00000)
  object space 87552K, 0% used [0x00000000c0000000,0x00000000c0000000,0x00000000c5580000)
 Metaspace       used 5895K, capacity 6960K, committed 7040K, reserved 1056768K
  class space    used 584K, capacity 616K, committed 640K, reserved 1048576K
Event: 2.918 GC heap after
Heap after GC invocations=1 (full 0):
 PSYoungGen      total 38400K, used 5103K [0x00000000eab00000, 0x00000000ef600000, 0x0000000100000000)
  eden space 33280K, 0% used [0x00000000eab00000,0x00000000eab00000,0x00000000ecb80000)
  from space 5120K, 99% used [0x00000000ecb80000,0x00000000ed07bc98,0x00000000ed080000)
  to   space 5120K, 0% used [0x00000000ef100000,0x00000000ef100000,0x00000000ef600000)
 ParOldGen       total 87552K, used 1679K [0x00000000c0000000, 0x00000000c5580000, 0x00000000eab00000)
  object space 87552K, 1% used [0x00000000c0000000,0x00000000c01a3f48,0x00000000c5580000)
 Metaspace       used 5895K, capacity 6960K, committed 7040K, reserved 1056768K
  class space    used 584K, capacity 616K, committed 640K, reserved 1048576K
}
Event: 5.291 GC heap before
{Heap before GC invocations=2 (full 0):
 PSYoungGen      total 38400K, used 38383K [0x00000000eab00000, 0x00000000ef600000, 0x0000000100000000)
  eden space 33280K, 100% used [0x00000000eab00000,0x00000000ecb80000,0x00000000ecb80000)
  from space 5120K, 99% used [0x00000000ecb80000,0x00000000ed07bc98,0x00000000ed080000)
  to   space 5120K, 0% used [0x00000000ef100000,0x00000000ef100000,0x00000000ef600000)
 ParOldGen       total 87552K, used 1679K [0x00000000c0000000, 0x00000000c5580000, 0x00000000eab00000)
  object space 87552K, 1% used [0x00000000c0000000,0x00000000c01a3f48,0x00000000c5580000)
 Metaspace       used 6020K, capacity 7088K, committed 7296K, reserved 1056768K
  class space    used 584K, capacity 616K, committed 640K, reserved 1048576K
Event: 5.429 GC heap after
Heap after GC invocations=2 (full 0):
 PSYoungGen      total 71680K, used 5106K [0x00000000eab00000, 0x00000000ef600000, 0x0000000100000000)
  eden space 66560K, 0% used [0x00000000eab00000,0x00000000eab00000,0x00000000eec00000)
  from space 5120K, 99% used [0x00000000ef100000,0x00000000ef5fcab8,0x00000000ef600000)
  to   space 5120K, 0% used [0x00000000eec00000,0x00000000eec00000,0x00000000ef100000)
 ParOldGen       total 87552K, used 6490K [0x00000000c0000000, 0x00000000c5580000, 0x00000000eab00000)
  object space 87552K, 7% used [0x00000000c0000000,0x00000000c0656ad8,0x00000000c5580000)
 Metaspace       used 6020K, capacity 7088K, committed 7296K, reserved 1056768K
  class space    used 584K, capacity 616K, committed 640K, reserved 1048576K
}

Deoptimization events (10 events):
Event: 3.145 Thread 0x000000001695f000 Uncommon trap: reason=null_check action=make_not_entrant pc=0x0000000002b1c2d8 method=com.android.dx.rop.type.Type.equals(Ljava/lang/Object;)Z @ 8
Event: 3.733 Thread 0x000000001694e800 Uncommon trap: reason=unstable_if action=reinterpret pc=0x0000000002c92c30 method=com.android.dx.ssa.SCCP.simulateBranch(Lcom/android/dx/ssa/SsaInsn;)V @ 64
Event: 3.739 Thread 0x000000001694e800 Uncommon trap: reason=uninitialized action=reinterpret pc=0x0000000002c5a08c method=com.android.dx.cf.code.BytecodeArray.parseInstruction(ILcom/android/dx/cf/code/BytecodeArray$Visitor;)I @ 1031
Event: 3.740 Thread 0x000000001694e800 Uncommon trap: reason=bimorphic action=maybe_recompile pc=0x0000000002d15344 method=com.android.dx.rop.code.RegisterSpec.withSimpleType()Lcom/android/dx/rop/code/RegisterSpec; @ 21
Event: 4.936 Thread 0x000000001696a000 Uncommon trap: reason=unstable_if action=reinterpret pc=0x0000000002d14260 method=com.android.dx.rop.code.RegisterSpecSet.put(Lcom/android/dx/rop/code/RegisterSpec;)V @ 77
Event: 4.936 Thread 0x000000001696a000 Uncommon trap: reason=unstable_if action=reinterpret pc=0x0000000002a9e14c method=com.android.dx.rop.code.RegisterSpecSet.put(Lcom/android/dx/rop/code/RegisterSpec;)V @ 77
Event: 4.936 Thread 0x000000001696a000 Uncommon trap: reason=unstable_if action=reinterpret pc=0x00000000029c30dc method=com.android.dx.rop.code.RegisterSpecSet.put(Lcom/android/dx/rop/code/RegisterSpec;)V @ 77
Event: 4.938 Thread 0x000000001696a000 Uncommon trap: reason=unstable_if action=reinterpret pc=0x0000000002da783c method=com.android.dx.rop.code.RegisterSpecSet.put(Lcom/android/dx/rop/code/RegisterSpec;)V @ 77
Event: 5.463 Thread 0x000000001696a000 Uncommon trap: reason=bimorphic action=maybe_recompile pc=0x0000000002dba618 method=com.android.dx.cf.code.RopperMachine.run(Lcom/android/dx/cf/code/Frame;II)V @ 978
Event: 5.484 Thread 0x000000001696a000 Uncommon trap: reason=bimorphic action=maybe_recompile pc=0x0000000002dba618 method=com.android.dx.cf.code.RopperMachine.run(Lcom/android/dx/cf/code/Frame;II)V @ 978

Internal exceptions (4 events):
Event: 0.111 Thread 0x0000000002368800 Exception <a 'java/lang/NoSuchMethodError': Method sun.misc.Unsafe.defineClass(Ljava/lang/String;[BII)Ljava/lang/Class; name or signature does not match> (0x00000000eab13098) thrown at [C:\re\workspace\8-2-build-windows-amd64-cygwin\jdk8u60\4407\hotspot\srƒE%CË‹¼?
Event: 0.112 Thread 0x0000000002368800 Exception <a 'java/lang/NoSuchMethodError': Method sun.misc.Unsafe.prefetchRead(Ljava/lang/Object;J)V name or signature does not match> (0x00000000eab13380) thrown at [C:\re\workspace\8-2-build-windows-amd64-cygwin\jdk8u60\4407\hotspot\src\share\vm\prims\jÀÜ7úÚ›@
Event: 2.326 Thread 0x000000001696a000 Implicit null exception at 0x0000000002967bf0 to 0x00000000029698a1
Event: 3.145 Thread 0x000000001695f000 Implicit null exception at 0x0000000002b1c1d2 to 0x0000000002b1c2ca

Events (10 events):
Event: 4.940 loading class com/android/dx/rop/code/RegisterSpec$1
Event: 4.940 loading class com/android/dx/rop/code/RegisterSpec$1 done
Event: 5.290 Executing VM operation: ParallelGCFailedAllocation
Event: 5.429 Executing VM operation: ParallelGCFailedAllocation done
Event: 5.463 Thread 0x000000001696a000 Uncommon trap: trap_request=0xffffffc6 fr.pc=0x0000000002dba618
Event: 5.463 Thread 0x000000001696a000 DEOPT PACKING pc=0x0000000002dba618 sp=0x000000001792e190
Event: 5.463 Thread 0x000000001696a000 DEOPT UNPACKING pc=0x000000000274582a sp=0x000000001792e158 mode 2
Event: 5.484 Thread 0x000000001696a000 Uncommon trap: trap_request=0xffffffc6 fr.pc=0x0000000002dba618
Event: 5.484 Thread 0x000000001696a000 DEOPT PACKING pc=0x0000000002dba618 sp=0x000000001792e190
Event: 5.484 Thread 0x000000001696a000 DEOPT UNPACKING pc=0x000000000274582a sp=0x000000001792e158 mode 2


Dynamic libraries:
0x000000013f0e0000 - 0x000000013f117000 	D:\Program Files\Java\jdk1.8.0_60\bin\java.exe
0x0000000077970000 - 0x0000000077b1a000 	C:\windows\SYSTEM32\ntdll.dll
0x0000000077750000 - 0x000000007786f000 	C:\windows\system32\kernel32.dll
0x000007fefd750000 - 0x000007fefd7ba000 	C:\windows\system32\KERNELBASE.dll
0x000007fefe730000 - 0x000007fefe80b000 	C:\windows\system32\ADVAPI32.dll
0x000007fefe530000 - 0x000007fefe5cf000 	C:\windows\system32\msvcrt.dll
0x000007fefdd80000 - 0x000007fefdd9f000 	C:\windows\SYSTEM32\sechost.dll
0x000007fefdba0000 - 0x000007fefdccd000 	C:\windows\system32\RPCRT4.dll
0x0000000077870000 - 0x000000007796a000 	C:\windows\system32\USER32.dll
0x000007fefe6c0000 - 0x000007fefe727000 	C:\windows\system32\GDI32.dll
0x000007feffa70000 - 0x000007feffa7e000 	C:\windows\system32\LPK.dll
0x000007feff9a0000 - 0x000007feffa6b000 	C:\windows\system32\USP10.dll
0x000007fefc690000 - 0x000007fefc884000 	C:\windows\WinSxS\amd64_microsoft.windows.common-controls_6595b64144ccf1df_6.0.7601.18837_none_fa3b1e3d17594757\COMCTL32.dll
0x000007fefdda0000 - 0x000007fefde11000 	C:\windows\system32\SHLWAPI.dll
0x000007fefdd50000 - 0x000007fefdd7e000 	C:\windows\system32\IMM32.DLL
0x000007feff870000 - 0x000007feff979000 	C:\windows\system32\MSCTF.dll
0x000007fefd590000 - 0x000007fefd5c1000 	C:\windows\system32\nvinitx.dll
0x000007fefd580000 - 0x000007fefd58c000 	C:\windows\system32\VERSION.dll
0x0000000075190000 - 0x0000000075196000 	C:\Program Files\NVIDIA Corporation\CoProcManager\detoured.dll
0x000007fefa3f0000 - 0x000007fefa422000 	C:\Program Files\NVIDIA Corporation\CoProcManager\nvd3d9wrapx.dll
0x000007fefde90000 - 0x000007fefe067000 	C:\windows\system32\SETUPAPI.dll
0x000007fefd7c0000 - 0x000007fefd7f6000 	C:\windows\system32\CFGMGR32.dll
0x000007fefdac0000 - 0x000007fefdb9a000 	C:\windows\system32\OLEAUT32.dll
0x000007feffa80000 - 0x000007feffc7c000 	C:\windows\system32\ole32.dll
0x000007fefd680000 - 0x000007fefd69a000 	C:\windows\system32\DEVOBJ.dll
0x000007fefa3c0000 - 0x000007fefa3e2000 	C:\Program Files\NVIDIA Corporation\CoProcManager\nvdxgiwrapx.dll
0x00000000507b0000 - 0x0000000050882000 	D:\Program Files\Java\jdk1.8.0_60\jre\bin\msvcr100.dll
0x0000000070310000 - 0x0000000070b99000 	D:\Program Files\Java\jdk1.8.0_60\jre\bin\server\jvm.dll
0x000007feedc60000 - 0x000007feedc69000 	C:\windows\system32\WSOCK32.dll
0x000007fefe670000 - 0x000007fefe6bd000 	C:\windows\system32\WS2_32.dll
0x000007fefde80000 - 0x000007fefde88000 	C:\windows\system32\NSI.dll
0x000007fefb110000 - 0x000007fefb14b000 	C:\windows\system32\WINMM.dll
0x0000000077b40000 - 0x0000000077b47000 	C:\windows\system32\PSAPI.DLL
0x0000000057730000 - 0x000000005773f000 	D:\Program Files\Java\jdk1.8.0_60\jre\bin\verify.dll
0x000000006d780000 - 0x000000006d7a9000 	D:\Program Files\Java\jdk1.8.0_60\jre\bin\java.dll
0x0000000050340000 - 0x0000000050356000 	D:\Program Files\Java\jdk1.8.0_60\jre\bin\zip.dll
0x000007fefeae0000 - 0x000007feff86a000 	C:\windows\system32\SHELL32.dll
0x000007fefd660000 - 0x000007fefd66f000 	C:\windows\system32\profapi.dll

VM Arguments:
jvm_args: -Djava.awt.headless=true -Xmx1024M -Dfile.encoding=GBK -Duser.country=CN -Duser.language=zh -Duser.variant 
java_command: com.android.dx.command.Main --dex --num-threads=4 --output F:\app\react-native-example-jdh\android\app\build\intermediates\pre-dexed\debug\com.facebook.fresco-imagepipeline-1.3.0_a19a7c596afc8ca0a764ab7dafee9f484400c268.jar F:\app\react-native-example-jdh\android\app\build\intermediates\exploded-aar\com.facebook.fresco\imagepipeline\1.3.0\jars\classes.jar
java_class_path (initial): D:\Android\sdk\build-tools\23.0.1\lib\dx.jar
Launcher Type: SUN_STANDARD

Environment Variables:
JAVA_HOME=D:\Program Files\Java\jdk1.8.0_60
CLASSPATH=F:\app\react-native-example-jdh\android\\gradle\wrapper\gradle-wrapper.jar
PATH=D:\Program Files\cmder\bin;D:\Program Files\cmder\vendor\conemu-maximus5\ConEmu\Scripts;D:\Program Files\cmder\vendor\conemu-maximus5;D:\Program Files\cmder\vendor\conemu-maximus5\ConEmu;C:\PROGRAMDATA\ORACLE\JAVA\JAVAPATH;C:\PROGRAM FILES\BROADCOM\BROADCOM 802.11 NETWORK ADAPTER\DRIVER;C:\WINDOWS\SYSTEM32;C:\WINDOWS;C:\WINDOWS\SYSTEM32\WBEM;C:\WINDOWS\SYSTEM32\WINDOWSPOWERSHELL\V1.0\;;D:\PROGRAM FILES\JAVA\JDK1.8.0_60\BIN;D:\PROGRAM FILES\JAVA\JDK1.8.0_60\JRE\BIN;D:\ANDROID\SDK\TOOLS;D:\ANDROID\SDK\PLATFORM-TOOLS;D:\PROGRAM FILES\ADT\ECLIPSE\PLUGINS\ORG.APACHE.ANT_1.8.4.V201303080030\BIN;D:\PROGRAM FILES\ADT\APACHEANT\BIN;D:\PROGRAM FILES\ADT\APACHEANT\LIB;C:\USERS\XIAOSONG\APPDATA\ROAMING\NPM;C:\PROGRAM FILES (X86)\NVIDIA CORPORATION\PHYSX\COMMON; D:\Android\sdk\TOOLS;D:\PROGRAM FILES\NODEJS\;C:\PROGRAM FILES\DOTNET\;D:\PROGRAM FILES\MONGODB\SERVER\3.4\BIN;D:\PROGRAM FILES\TORTOISEGIT\BIN;D:\PROGRAM FILES\GIT\CMD;D:\PROGRAM FILES\BRACKETS\COMMAND;C:\Program Files\WIDCOMM\Bluetooth Software\;C:\Program Files\WIDCOMM\Bluetooth Software\syswow64;C:\Users\xiaosong\AppData\Roaming\npm;D:\Program Files\Microsoft VS Code\bin;C:\Users\xiaosong\AppData\Local\atom\bin;D:\Program Files\Git\usr\bin;D:\Program Files\Git\usr\share\vim\vim74;D:\Program Files\cmder\
USERNAME=xiaosong
OS=Windows_NT
PROCESSOR_IDENTIFIER=Intel64 Family 6 Model 60 Stepping 3, GenuineIntel



---------------  S Y S T E M  ---------------

OS: Windows 7 , 64 bit Build 7601 (6.1.7601.23915)

CPU:total 4 (2 cores per cpu, 2 threads per core) family 6 model 60 stepping 3, cmov, cx8, fxsr, mmx, sse, sse2, sse3, ssse3, sse4.1, sse4.2, popcnt, avx, avx2, aes, clmul, erms, lzcnt, ht, tsc, tscinvbit, bmi1, bmi2

Memory: 4k page, physical 8268820k(1413444k free), swap 8266960k(5044k free)

vm_info: Java HotSpot(TM) 64-Bit Server VM (25.60-b23) for windows-amd64 JRE (1.8.0_60-b27), built on Aug  4 2015 11:06:27 by "java_re" with MS VC++ 10.0 (VS2010)

time: Mon Nov 06 21:27:29 2017
elapsed time: 5 seconds (0d 0h 0m 5s)

