#
# There is insufficient memory for the Java Runtime Environment to continue.
# Native memory allocation (malloc) failed to allocate 394416 bytes for Chunk::new
# Possible reasons:
#   The system is out of physical RAM or swap space
#   In 32 bit mode, the process size limit was hit
# Possible solutions:
#   Reduce memory load on the system
#   Increase physical memory or swap space
#   Check if swap backing store is full
#   Use 64 bit Java on a 64 bit OS
#   Decrease Java heap size (-Xmx/-Xms)
#   Decrease number of Java threads
#   Decrease Java thread stack sizes (-Xss)
#   Set larger code cache with -XX:ReservedCodeCacheSize=
# This output file may be truncated or incomplete.
#
#  Out of Memory Error (allocation.cpp:390), pid=8372, tid=3692
#
# JRE version: Java(TM) SE Runtime Environment (8.0_60-b27) (build 1.8.0_60-b27)
# Java VM: Java HotSpot(TM) 64-Bit Server VM (25.60-b23 mixed mode windows-amd64 compressed oops)
# Failed to write core dump. Minidumps are not enabled by default on client versions of Windows
#

---------------  T H R E A D  ---------------

Current thread (0x000000005502f800):  JavaThread "C2 CompilerThread0" daemon [_thread_in_native, id=3692, stack(0x0000000056600000,0x0000000056700000)]

Stack: [0x0000000056600000,0x0000000056700000]
[error occurred during error reporting (printing stack bounds), id 0xc0000005]

Native frames: (J=compiled Java code, j=interpreted, Vv=VM code, C=native code)


Current CompileTask:
C2:    852  781       4       com.android.dx.ssa.SsaBasicBlock::forEachInsn (37 bytes)


---------------  P R O C E S S  ---------------

Java Threads: ( => current thread )
  0x0000000056467800 JavaThread "pool-1-thread-4" [_thread_in_Java, id=10312, stack(0x0000000057810000,0x0000000057910000)]
  0x0000000056432800 JavaThread "pool-1-thread-3" [_thread_blocked, id=7964, stack(0x0000000057580000,0x0000000057680000)]
  0x00000000563b9800 JavaThread "pool-1-thread-2" [_thread_blocked, id=8300, stack(0x00000000573c0000,0x00000000574c0000)]
  0x00000000563b7000 JavaThread "pool-2-thread-1" [_thread_blocked, id=10808, stack(0x00000000571e0000,0x00000000572e0000)]
  0x00000000563b5800 JavaThread "pool-1-thread-1" [_thread_in_Java, id=9244, stack(0x00000000570a0000,0x00000000571a0000)]
  0x0000000056261800 JavaThread "Service Thread" daemon [_thread_blocked, id=9472, stack(0x0000000056af0000,0x0000000056bf0000)]
  0x00000000561c7000 JavaThread "C1 CompilerThread2" daemon [_thread_blocked, id=9204, stack(0x0000000056d50000,0x0000000056e50000)]
  0x00000000561c6000 JavaThread "C2 CompilerThread1" daemon [_thread_blocked, id=708, stack(0x0000000056c20000,0x0000000056d20000)]
=>0x000000005502f800 JavaThread "C2 CompilerThread0" daemon [_thread_in_native, id=3692, stack(0x0000000056600000,0x0000000056700000)]
  0x000000005502e000 JavaThread "Attach Listener" daemon [_thread_blocked, id=6572, stack(0x0000000056980000,0x0000000056a80000)]
  0x0000000055021000 JavaThread "Signal Dispatcher" daemon [_thread_blocked, id=1164, stack(0x00000000567a0000,0x00000000568a0000)]
  0x0000000054fc8800 JavaThread "Finalizer" daemon [_thread_blocked, id=6256, stack(0x0000000055f60000,0x0000000056060000)]
  0x0000000054fc1800 JavaThread "Reference Handler" daemon [_thread_blocked, id=10320, stack(0x00000000560b0000,0x00000000561b0000)]
  0x0000000002488800 JavaThread "main" [_thread_blocked, id=8128, stack(0x00000000026c0000,0x00000000027c0000)]

Other Threads:
  0x0000000054fbc000 VMThread [stack: 0x0000000055e00000,0x0000000055f00000] [id=10396]
  0x0000000056277800 WatcherThread [stack: 0x0000000056ea0000,0x0000000056fa0000] [id=9588]

VM state:not at safepoint (normal execution)

VM Mutex/Monitor currently owned by a thread: None

Heap:
 PSYoungGen      total 38400K, used 17995K [0x00000000eab00000, 0x00000000ed580000, 0x0000000100000000)
  eden space 33280K, 54% used [0x00000000eab00000,0x00000000ebc92dd8,0x00000000ecb80000)
  from space 5120K, 0% used [0x00000000ed080000,0x00000000ed080000,0x00000000ed580000)
  to   space 5120K, 0% used [0x00000000ecb80000,0x00000000ecb80000,0x00000000ed080000)
 ParOldGen       total 87552K, used 0K [0x00000000c0000000, 0x00000000c5580000, 0x00000000eab00000)
  object space 87552K, 0% used [0x00000000c0000000,0x00000000c0000000,0x00000000c5580000)
 Metaspace       used 5612K, capacity 6640K, committed 6784K, reserved 1056768K
  class space    used 589K, capacity 616K, committed 640K, reserved 1048576K

Card table byte_map: [0x0000000011b80000,0x0000000011d90000] byte_map_base: 0x0000000011580000

Marking Bits: (ParMarkBitMap*) 0x000000007080a5b0
 Begin Bits: [0x0000000012430000, 0x0000000013430000)
 End Bits:   [0x0000000013430000, 0x0000000014430000)

Polling page: 0x0000000000140000

CodeCache: size=245760Kb used=3127Kb max_used=3127Kb free=242632Kb
 bounds [0x00000000027c0000, 0x0000000002ad0000, 0x00000000117c0000]
 total_blobs=1054 nmethods=781 adapters=184
 compilation: disabled (not enough contiguous free space left)

Compilation events (10 events):
Event: 0.804 Thread 0x000000005502f800 nmethod 770 0x0000000002acd550 code [0x0000000002acd6e0, 0x0000000002acdf58]
Event: 0.804 Thread 0x000000005502f800  781       4       com.android.dx.ssa.SsaBasicBlock::forEachInsn (37 bytes)
Event: 0.805 Thread 0x00000000561c7000 nmethod 793 0x0000000002aca710 code [0x0000000002acaa20, 0x0000000002accc18]
Event: 0.805 Thread 0x00000000561c7000  794       3       com.android.dx.rop.code.RegisterSpecSet::equals (106 bytes)
Event: 0.805 Thread 0x00000000561c7000 nmethod 794 0x0000000002ace650 code [0x0000000002ace820, 0x0000000002acf028]
Event: 0.805 Thread 0x00000000561c7000  795       3       com.android.dx.ssa.SsaBasicBlock::addDomChild (10 bytes)
Event: 0.805 Thread 0x00000000561c7000 nmethod 795 0x0000000002acf350 code [0x0000000002acf500, 0x0000000002acfa88]
Event: 0.805 Thread 0x00000000561c7000  796       3       com.android.dx.ssa.SetFactory::makeDomFrontSet (26 bytes)
Event: 0.806 Thread 0x00000000561c7000 

Event: 0.815 Thread 0x00000000561c6000 


GC Heap History (0 events):
No events

Deoptimization events (2 events):
Event: 0.628 Thread 0x0000000002488800 Uncommon trap: reason=unstable_if action=reinterpret pc=0x00000000029a0b9c method=java.util.HashMap.getNode(ILjava/lang/Object;)Ljava/util/HashMap$Node; @ 129
Event: 0.805 Thread 0x0000000056467800 Uncommon trap: reason=unstable_if action=reinterpret pc=0x0000000002aaec34 method=com.android.dx.ssa.SsaRenamer$BlockRenamer.addMapping(ILcom/android/dx/rop/code/RegisterSpec;)V @ 120

Internal exceptions (2 events):
Event: 0.110 Thread 0x0000000002488800 Exception <a 'java/lang/NoSuchMethodError': Method sun.misc.Unsafe.defineClass(Ljava/lang/String;[BII)Ljava/lang/Class; name or signature does not match> (0x00000000eab13098) thrown at [C:\re\workspace\8-2-build-windows-amd64-cygwin\jdk8u60\4407\hotspot\srûíºÔV¼?
Event: 0.110 Thread 0x0000000002488800 Exception <a 'java/lang/NoSuchMethodError': Method sun.misc.Unsafe.prefetchRead(Ljava/lang/Object;J)V name or signature does not match> (0x00000000eab13380) thrown at [C:\re\workspace\8-2-build-windows-amd64-cygwin\jdk8u60\4407\hotspot\src\share\vm\prims\j

Events (10 events):
Event: 0.628 Thread 0x0000000002488800 Uncommon trap: trap_request=0xffffff65 fr.pc=0x00000000029a0b9c
Event: 0.628 Thread 0x0000000002488800 DEOPT PACKING pc=0x00000000029a0b9c sp=0x00000000027be210
Event: 0.628 Thread 0x0000000002488800 DEOPT UNPACKING pc=0x000000000280582a sp=0x00000000027be188 mode 2
Event: 0.748 loading class java/util/ArrayList$1
Event: 0.748 loading class java/util/ArrayList$1 done
Event: 0.770 Executing VM operation: ForceSafepoint
Event: 0.770 Executing VM operation: ForceSafepoint done
Event: 0.804 Thread 0x0000000056467800 Uncommon trap: trap_request=0xffffff65 fr.pc=0x0000000002aaec34
Event: 0.805 Thread 0x0000000056467800 DEOPT PACKING pc=0x0000000002aaec34 sp=0x000000005790e8f0
Event: 0.805 Thread 0x0000000056467800 DEOPT UNPACKING pc=0x000000000280582a sp=0x000000005790e898 mode 2


Dynamic libraries:
0x000000013f530000 - 0x000000013f567000 	D:\Program Files\Java\jdk1.8.0_60\bin\java.exe
0x0000000077970000 - 0x0000000077b1a000 	C:\windows\SYSTEM32\ntdll.dll
0x0000000077750000 - 0x000000007786f000 	C:\windows\system32\kernel32.dll
0x000007fefd750000 - 0x000007fefd7ba000 	C:\windows\system32\KERNELBASE.dll
0x000007fefe730000 - 0x000007fefe80b000 	C:\windows\system32\ADVAPI32.dll
0x000007fefe530000 - 0x000007fefe5cf000 	C:\windows\system32\msvcrt.dll
0x000007fefdd80000 - 0x000007fefdd9f000 	C:\windows\SYSTEM32\sechost.dll
0x000007fefdba0000 - 0x000007fefdccd000 	C:\windows\system32\RPCRT4.dll
0x0000000077870000 - 0x000000007796a000 	C:\windows\system32\USER32.dll
0x000007fefe6c0000 - 0x000007fefe727000 	C:\windows\system32\GDI32.dll
0x000007feffa70000 - 0x000007feffa7e000 	C:\windows\system32\LPK.dll
0x000007feff9a0000 - 0x000007feffa6b000 	C:\windows\system32\USP10.dll
0x000007fefc690000 - 0x000007fefc884000 	C:\windows\WinSxS\amd64_microsoft.windows.common-controls_6595b64144ccf1df_6.0.7601.18837_none_fa3b1e3d17594757\COMCTL32.dll
0x000007fefdda0000 - 0x000007fefde11000 	C:\windows\system32\SHLWAPI.dll
0x000007fefdd50000 - 0x000007fefdd7e000 	C:\windows\system32\IMM32.DLL
0x000007feff870000 - 0x000007feff979000 	C:\windows\system32\MSCTF.dll
0x000007fefd590000 - 0x000007fefd5c1000 	C:\windows\system32\nvinitx.dll
0x000007fefd580000 - 0x000007fefd58c000 	C:\windows\system32\VERSION.dll
0x0000000075190000 - 0x0000000075196000 	C:\Program Files\NVIDIA Corporation\CoProcManager\detoured.dll
0x000007fefa3f0000 - 0x000007fefa422000 	C:\Program Files\NVIDIA Corporation\CoProcManager\nvd3d9wrapx.dll
0x000007fefde90000 - 0x000007fefe067000 	C:\windows\system32\SETUPAPI.dll
0x000007fefd7c0000 - 0x000007fefd7f6000 	C:\windows\system32\CFGMGR32.dll
0x000007fefdac0000 - 0x000007fefdb9a000 	C:\windows\system32\OLEAUT32.dll
0x000007feffa80000 - 0x000007feffc7c000 	C:\windows\system32\ole32.dll
0x000007fefd680000 - 0x000007fefd69a000 	C:\windows\system32\DEVOBJ.dll
0x000007fefa3c0000 - 0x000007fefa3e2000 	C:\Program Files\NVIDIA Corporation\CoProcManager\nvdxgiwrapx.dll
0x0000000078900000 - 0x00000000789d2000 	D:\Program Files\Java\jdk1.8.0_60\jre\bin\msvcr100.dll
0x0000000070000000 - 0x0000000070889000 	D:\Program Files\Java\jdk1.8.0_60\jre\bin\server\jvm.dll
0x000007feedc60000 - 0x000007feedc69000 	C:\windows\system32\WSOCK32.dll
0x000007fefe670000 - 0x000007fefe6bd000 	C:\windows\system32\WS2_32.dll
0x000007fefde80000 - 0x000007fefde88000 	C:\windows\system32\NSI.dll
0x000007fefb110000 - 0x000007fefb14b000 	C:\windows\system32\WINMM.dll
0x0000000077b40000 - 0x0000000077b47000 	C:\windows\system32\PSAPI.DLL
0x000000005f820000 - 0x000000005f82f000 	D:\Program Files\Java\jdk1.8.0_60\jre\bin\verify.dll
0x000000005a710000 - 0x000000005a739000 	D:\Program Files\Java\jdk1.8.0_60\jre\bin\java.dll
0x000000005e430000 - 0x000000005e446000 	D:\Program Files\Java\jdk1.8.0_60\jre\bin\zip.dll
0x000007fefeae0000 - 0x000007feff86a000 	C:\windows\system32\SHELL32.dll
0x000007fefd660000 - 0x000007fefd66f000 	C:\windows\system32\profapi.dll

VM Arguments:
jvm_args: -Djava.awt.headless=true -Xmx1024M -Dfile.encoding=GBK -Duser.country=CN -Duser.language=zh -Duser.variant 
java_command: com.android.dx.command.Main --dex --num-threads=4 --output F:\app\react-native-example-jdh\android\app\build\intermediates\pre-dexed\debug\com.facebook.soloader-soloader-0.1.0_4132d98686170c5d16a745280f48194f9a8a71b7.jar F:\app\react-native-example-jdh\android\app\build\intermediates\exploded-aar\com.facebook.soloader\soloader\0.1.0\jars\classes.jar
java_class_path (initial): D:\Android\sdk\build-tools\23.0.1\lib\dx.jar
Launcher Type: SUN_STANDARD

Environment Variables:
JAVA_HOME=D:\Program Files\Java\jdk1.8.0_60
CLASSPATH=F:\app\react-native-example-jdh\android\\gradle\wrapper\gradle-wrapper.jar
PATH=D:\Program Files\cmder\bin;D:\Program Files\cmder\vendor\conemu-maximus5\ConEmu\Scripts;D:\Program Files\cmder\vendor\conemu-maximus5;D:\Program Files\cmder\vendor\conemu-maximus5\ConEmu;C:\PROGRAMDATA\ORACLE\JAVA\JAVAPATH;C:\PROGRAM FILES\BROADCOM\BROADCOM 802.11 NETWORK ADAPTER\DRIVER;C:\WINDOWS\SYSTEM32;C:\WINDOWS;C:\WINDOWS\SYSTEM32\WBEM;C:\WINDOWS\SYSTEM32\WINDOWSPOWERSHELL\V1.0\;;D:\PROGRAM FILES\JAVA\JDK1.8.0_60\BIN;D:\PROGRAM FILES\JAVA\JDK1.8.0_60\JRE\BIN;D:\ANDROID\SDK\TOOLS;D:\ANDROID\SDK\PLATFORM-TOOLS;D:\PROGRAM FILES\ADT\ECLIPSE\PLUGINS\ORG.APACHE.ANT_1.8.4.V201303080030\BIN;D:\PROGRAM FILES\ADT\APACHEANT\BIN;D:\PROGRAM FILES\ADT\APACHEANT\LIB;C:\USERS\XIAOSONG\APPDATA\ROAMING\NPM;C:\PROGRAM FILES (X86)\NVIDIA CORPORATION\PHYSX\COMMON; D:\Android\sdk\TOOLS;D:\PROGRAM FILES\NODEJS\;C:\PROGRAM FILES\DOTNET\;D:\PROGRAM FILES\MONGODB\SERVER\3.4\BIN;D:\PROGRAM FILES\TORTOISEGIT\BIN;D:\PROGRAM FILES\GIT\CMD;D:\PROGRAM FILES\BRACKETS\COMMAND;C:\Program Files\WIDCOMM\Bluetooth Software\;C:\Program Files\WIDCOMM\Bluetooth Software\syswow64;C:\Users\xiaosong\AppData\Roaming\npm;D:\Program Files\Microsoft VS Code\bin;C:\Users\xiaosong\AppData\Local\atom\bin;D:\Program Files\Git\usr\bin;D:\Program Files\Git\usr\share\vim\vim74;D:\Program Files\cmder\
USERNAME=xiaosong
OS=Windows_NT
PROCESSOR_IDENTIFIER=Intel64 Family 6 Model 60 Stepping 3, GenuineIntel



---------------  S Y S T E M  ---------------

OS: Windows 7 , 64 bit Build 7601 (6.1.7601.23915)

CPU:total 4 (2 cores per cpu, 2 threads per core) family 6 model 60 stepping 3, cmov, cx8, fxsr, mmx, sse, sse2, sse3, ssse3, sse4.1, sse4.2, popcnt, avx, avx2, aes, clmul, erms, lzcnt, ht, tsc, tscinvbit, bmi1, bmi2

Memory: 4k page, physical 8268820k(1353628k free), swap 8266960k(5088k free)

vm_info: Java HotSpot(TM) 64-Bit Server VM (25.60-b23) for windows-amd64 JRE (1.8.0_60-b27), built on Aug  4 2015 11:06:27 by "java_re" with MS VC++ 10.0 (VS2010)

time: Mon Nov 06 21:35:29 2017
elapsed time: 0 seconds (0d 0h 0m 0s)

